Copyright 1986-2022 Xilinx, Inc. All Rights Reserved. Copyright 2022-2024 Advanced Micro Devices, Inc. All Rights Reserved.
--------------------------------------------------------------------------------------------------------------------------------------------------------------------------------------------------------------------------------------------------------------------
| Tool Version : Vivado v.2023.2.2 (lin64) Build 4126759 Thu Feb  8 23:52:05 MST 2024
| Date         : Sat Jun 27 02:01:37 2026
| Host         : qian-MS-7E25 running 64-bit Ubuntu 22.04.5 LTS
| Command      : report_design_analysis -timing -logic_level_distribution -congestion -file /home/qian/Portable_System_Project/Butterfly_Laser_Driver/milestones/vivado_warning_cleanup_20260626_180839/timing_debug_after_lock_pipeline/design_analysis_timing.rpt
| Design       : design_top
| Device       : xck26
| Design State : Routed
--------------------------------------------------------------------------------------------------------------------------------------------------------------------------------------------------------------------------------------------------------------------

Report Design Analysis

Table of Contents
-----------------
1. Setup Path Characteristics 1-1
2. Logic Level Distribution
3. Placer Final Level Congestion Reporting
4. Router Initial Congestion
5. SLR Net Crossing Reporting

1. Setup Path Characteristics 1-1
---------------------------------

+---------------------------+----------------------------------------------------------------------------------------------------------------------------------------------------------------------+
|      Characteristics      |                                                                                Path #1                                                                               |
+---------------------------+----------------------------------------------------------------------------------------------------------------------------------------------------------------------+
| Requirement               | 8.000                                                                                                                                                                |
| Path Delay                | 7.430                                                                                                                                                                |
| Logic Delay               | 2.845(39%)                                                                                                                                                           |
| Net Delay                 | 4.585(61%)                                                                                                                                                           |
| Clock Skew                | -0.182                                                                                                                                                               |
| Slack                     | 0.397                                                                                                                                                                |
| Clock Uncertainty         | 0.035                                                                                                                                                                |
| Clock Relationship        | Safely Timed                                                                                                                                                         |
| Clock Delay Group         | Same Clock                                                                                                                                                           |
| Logic Levels              | 18                                                                                                                                                                   |
| Routes                    | 9                                                                                                                                                                    |
| Logical Path              | FDRE/C-(31)-LUT4-(1)-CARRY8-LUT3-(1)-CARRY8-CARRY8-LUT4-(1)-CARRY8-LUT5-(3)-CARRY8-(1)-CARRY8-LUT6-(4)-LUT6-(2)-LUT4-(1)-CARRY8-CARRY8-CARRY8-CARRY8-LUT4-(1)-FDRE/D |
| Start Point Clock         | AXI_ADA4355_adc_clk                                                                                                                                                  |
| End Point Clock           | AXI_ADA4355_adc_clk                                                                                                                                                  |
| DSP Block                 | None                                                                                                                                                                 |
| RAM Registers             | None-None                                                                                                                                                            |
| IO Crossings              | 0                                                                                                                                                                    |
| SLR Crossings             | 0                                                                                                                                                                    |
| PBlocks                   | 0                                                                                                                                                                    |
| High Fanout               | 31                                                                                                                                                                   |
| Dont Touch                | 0                                                                                                                                                                    |
| Mark Debug                | 0                                                                                                                                                                    |
| Start Point Pin Primitive | FDRE/C                                                                                                                                                               |
| End Point Pin Primitive   | FDRE/D                                                                                                                                                               |
| Start Point Pin           | adc_data_shifted_reg[13]/C                                                                                                                                           |
| End Point Pin             | raw_filter_accum_adc_reg[10]/D                                                                                                                                       |
+---------------------------+----------------------------------------------------------------------------------------------------------------------------------------------------------------------+
* Bounding box calculated as % of dimensions for the target device (2818, 498)


2. Logic Level Distribution
---------------------------

+---------------------+-------------+---+----+----+---+----+----+----+----+----+-----+-----+----+----+----+----+----+----+----+-----+
|   End Point Clock   | Requirement | 0 |  2 |  3 | 4 |  9 | 10 | 11 | 12 | 13 |  15 |  16 | 17 | 18 | 19 | 20 | 21 | 22 | 23 |  24 |
+---------------------+-------------+---+----+----+---+----+----+----+----+----+-----+-----+----+----+----+----+----+----+----+-----+
| AXI_ADA4355_adc_clk | 8.000ns     | 0 |  0 |  0 | 0 | 16 |  0 |  0 |  0 |  0 | 128 | 128 | 72 | 66 |  0 |  0 | 33 | 15 |  0 |   0 |
| clk_pl_0            | 10.000ns    | 0 |  0 |  0 | 0 |  0 | 68 | 75 | 59 |  4 |  32 |   2 |  5 | 15 |  4 | 23 | 56 |  0 | 16 | 102 |
| clk_pl_1            | 5.000ns     | 1 |  0 |  0 | 0 |  0 |  0 |  0 |  0 |  0 |   0 |   0 |  0 |  0 |  0 |  0 |  0 |  0 |  0 |   0 |
| mmcm_clk_0_s        | 1.667ns     | 0 | 19 | 57 | 4 |  0 |  0 |  0 |  0 |  0 |   0 |   0 |  0 |  0 |  0 |  0 |  0 |  0 |  0 |   0 |
+---------------------+-------------+---+----+----+---+----+----+----+----+----+-----+-----+----+----+----+----+----+----+----+-----+
* Columns represent the logic levels per end point clock
** Distribution is for top worst 1000 paths


3. Placer Final Level Congestion Reporting
------------------------------------------

+-----------+------+-------+--------+---------------+---------------+-----+--------+------+------+------+------+-----+-------+-----+------------+
| Direction | Type | Level | Window | Combined LUTs | Avg LUT Input | LUT | LUTRAM | Flop | MUXF | RAMB | URAM | DSP | CARRY | SRL | Cell Names |
+-----------+------+-------+--------+---------------+---------------+-----+--------+------+------+------+------+-----+-------+-----+------------+
* No congestion windows are found above level 5


4. Router Initial Congestion
----------------------------

+-----------+------+-------+--------+---------------+---------------+-----+--------+------+------+------+------+-----+-------+-----+------------+-------------+
| Direction | Type | Level | Window | Combined LUTs | Avg LUT Input | LUT | LUTRAM | Flop | MUXF | RAMB | URAM | DSP | CARRY | SRL | Cell Names | Sub Windows |
+-----------+------+-------+--------+---------------+---------------+-----+--------+------+------+------+------+-----+-------+-----+------------+-------------+
* No effective congestion windows are found above level 5


5. SLR Net Crossing Reporting
-----------------------------

+------------+-----------------------------+
| Cell Names | Number of Nets crossing SLR |
+------------+-----------------------------+
* The current part is not an SSI device


