Copyright 1986-2022 Xilinx, Inc. All Rights Reserved. Copyright 2022-2024 Advanced Micro Devices, Inc. All Rights Reserved.
--------------------------------------------------------------------------------------------------------------------------------------------------------------------------------------------------------------------------------------------------------------------------------
| Tool Version : Vivado v.2023.2.2 (lin64) Build 4126759 Thu Feb  8 23:52:05 MST 2024
| Date         : Sat Jun 27 02:37:19 2026
| Host         : qian-MS-7E25 running 64-bit Ubuntu 22.04.5 LTS
| Command      : report_design_analysis -timing -logic_level_distribution -congestion -file /home/qian/Portable_System_Project/Butterfly_Laser_Driver/milestones/vivado_warning_cleanup_20260626_180839/timing_debug_after_axi_ada4355_delay_clk_300/design_analysis_timing.rpt
| Design       : design_top
| Device       : xck26
| Design State : Routed
--------------------------------------------------------------------------------------------------------------------------------------------------------------------------------------------------------------------------------------------------------------------------------

Report Design Analysis

Table of Contents
-----------------
1. Setup Path Characteristics 1-1
2. Logic Level Distribution
3. Placer Final Level Congestion Reporting
4. Router Initial Congestion
5. SLR Net Crossing Reporting

1. Setup Path Characteristics 1-1
---------------------------------

+---------------------------+------------------------------------------------------------------------------------------------------------------------------------------------------------------------------------------------------------------------------------------------------------+
|      Characteristics      |                                                                                                                           Path #1                                                                                                                          |
+---------------------------+------------------------------------------------------------------------------------------------------------------------------------------------------------------------------------------------------------------------------------------------------------+
| Requirement               | 10.000                                                                                                                                                                                                                                                     |
| Path Delay                | 9.097                                                                                                                                                                                                                                                      |
| Logic Delay               | 5.485(61%)                                                                                                                                                                                                                                                 |
| Net Delay                 | 3.612(39%)                                                                                                                                                                                                                                                 |
| Clock Skew                | -0.100                                                                                                                                                                                                                                                     |
| Slack                     | 0.173                                                                                                                                                                                                                                                      |
| Clock Uncertainty         | 0.130                                                                                                                                                                                                                                                      |
| Clock Relationship        | Safely Timed                                                                                                                                                                                                                                               |
| Clock Delay Group         | Same Clock                                                                                                                                                                                                                                                 |
| Logic Levels              | 24                                                                                                                                                                                                                                                         |
| Routes                    | 9                                                                                                                                                                                                                                                          |
| Logical Path              | FDRE/C-(5)-LUT2-(1)-CARRY8-CARRY8-DSP_A_B_DATA-(1)-DSP_PREADD_DATA-DSP_MULTIPLIER-DSP_M_DATA-DSP_ALU-DSP_OUTPUT-DSP_ALU-DSP_OUTPUT-LUT2-(1)-CARRY8-CARRY8-LUT4-(1)-CARRY8-CARRY8-LUT2-(1)-CARRY8-LUT4-(1)-CARRY8-CARRY8-CARRY8-LUT6-(3)-DSP_A_B_DATA/A[12] |
| Start Point Clock         | clk_pl_0                                                                                                                                                                                                                                                   |
| End Point Clock           | clk_pl_0                                                                                                                                                                                                                                                   |
| DSP Block                 | Seq                                                                                                                                                                                                                                                        |
| RAM Registers             | None-None                                                                                                                                                                                                                                                  |
| IO Crossings              | 0                                                                                                                                                                                                                                                          |
| SLR Crossings             | 0                                                                                                                                                                                                                                                          |
| PBlocks                   | 0                                                                                                                                                                                                                                                          |
| High Fanout               | 5                                                                                                                                                                                                                                                          |
| Dont Touch                | 0                                                                                                                                                                                                                                                          |
| Mark Debug                | 0                                                                                                                                                                                                                                                          |
| Start Point Pin Primitive | FDRE/C                                                                                                                                                                                                                                                     |
| End Point Pin Primitive   | DSP_A_B_DATA/A[12]                                                                                                                                                                                                                                         |
| Start Point Pin           | temperature_millic_reg[4]/C                                                                                                                                                                                                                                |
| End Point Pin             | DSP_A_B_DATA_INST/A[12]                                                                                                                                                                                                                                    |
+---------------------------+------------------------------------------------------------------------------------------------------------------------------------------------------------------------------------------------------------------------------------------------------------+
* Bounding box calculated as % of dimensions for the target device (2818, 498)


2. Logic Level Distribution
---------------------------

+---------------------+-------------+---+----+----+---+----+----+----+-----+-----+----+----+----+----+----+----+-----+
|   End Point Clock   | Requirement | 0 |  2 |  3 | 4 |  9 | 12 | 13 |  15 |  16 | 17 | 18 | 19 | 20 | 21 | 22 |  24 |
+---------------------+-------------+---+----+----+---+----+----+----+-----+-----+----+----+----+----+----+----+-----+
| AXI_ADA4355_adc_clk | 8.000ns     | 0 |  0 |  0 | 0 | 16 |  0 |  0 | 128 | 128 | 72 | 69 | 13 | 32 |  0 |  0 |   0 |
| clk_pl_0            | 10.000ns    | 0 |  0 |  0 | 0 |  0 | 59 | 52 |  19 |   0 |  0 |  5 | 69 | 65 | 17 | 56 | 118 |
| clk_pl_1            | 3.333ns     | 2 |  0 |  0 | 0 |  0 |  0 |  0 |   0 |   0 |  0 |  0 |  0 |  0 |  0 |  0 |   0 |
| mmcm_clk_0_s        | 1.667ns     | 0 | 20 | 56 | 4 |  0 |  0 |  0 |   0 |   0 |  0 |  0 |  0 |  0 |  0 |  0 |   0 |
+---------------------+-------------+---+----+----+---+----+----+----+-----+-----+----+----+----+----+----+----+-----+
* Columns represent the logic levels per end point clock
** Distribution is for top worst 1000 paths


3. Placer Final Level Congestion Reporting
------------------------------------------

+-----------+------+-------+--------+---------------+---------------+-----+--------+------+------+------+------+-----+-------+-----+------------+
| Direction | Type | Level | Window | Combined LUTs | Avg LUT Input | LUT | LUTRAM | Flop | MUXF | RAMB | URAM | DSP | CARRY | SRL | Cell Names |
+-----------+------+-------+--------+---------------+---------------+-----+--------+------+------+------+------+-----+-------+-----+------------+
* No congestion windows are found above level 5


4. Router Initial Congestion
----------------------------

+-----------+------+-------+--------+---------------+---------------+-----+--------+------+------+------+------+-----+-------+-----+------------+-------------+
| Direction | Type | Level | Window | Combined LUTs | Avg LUT Input | LUT | LUTRAM | Flop | MUXF | RAMB | URAM | DSP | CARRY | SRL | Cell Names | Sub Windows |
+-----------+------+-------+--------+---------------+---------------+-----+--------+------+------+------+------+-----+-------+-----+------------+-------------+
* No effective congestion windows are found above level 5


5. SLR Net Crossing Reporting
-----------------------------

+------------+-----------------------------+
| Cell Names | Number of Nets crossing SLR |
+------------+-----------------------------+
* The current part is not an SSI device


