Copyright 1986-2022 Xilinx, Inc. All Rights Reserved. Copyright 2022-2024 Advanced Micro Devices, Inc. All Rights Reserved.
-----------------------------------------------------------------------------------------------------------------------------------------------------------------------------------------------------------------------------------------------------------
| Tool Version      : Vivado v.2023.2.2 (lin64) Build 4126759 Thu Feb  8 23:52:05 MST 2024
| Date              : Sat Jun 27 07:00:49 2026
| Host              : qian-MS-7E25 running 64-bit Ubuntu 22.04.5 LTS
| Command           : report_timing -hold -max_paths 10 -sort_by slack -file /home/qian/Portable_System_Project/Butterfly_Laser_Driver/milestones/vivado_warning_cleanup_20260626_180839/timing_margin_experiments/impl_margin_perf_explore/hold_paths.rpt
| Design            : design_top
| Device            : xck26-sfvc784
| Speed File        : -2LVI  PRODUCTION 1.30 05-15-2022
| Design State      : Physopt postRoute
| Temperature Grade : I
-----------------------------------------------------------------------------------------------------------------------------------------------------------------------------------------------------------------------------------------------------------

Timing Report

Slack (MET) :             0.009ns  (arrival time - required time)
  Source:                 u_project_1_wrapper/project_1_i/AXI_AD3552_C1_DMA/inst/i_regmap/i_up_axi/up_wdata_int_reg[29]/C
                            (rising edge-triggered cell FDRE clocked by clk_pl_0  {rise@0.000ns fall@5.000ns period=10.000ns})
  Destination:            u_project_1_wrapper/project_1_i/AXI_AD3552_C1_DMA/inst/i_regmap/up_scratch_reg[29]/D
                            (rising edge-triggered cell FDRE clocked by clk_pl_0  {rise@0.000ns fall@5.000ns period=10.000ns})
  Path Group:             clk_pl_0
  Path Type:              Hold (Min at Slow Process Corner)
  Requirement:            0.000ns  (clk_pl_0 rise@0.000ns - clk_pl_0 rise@0.000ns)
  Data Path Delay:        0.247ns  (logic 0.112ns (45.391%)  route 0.135ns (54.609%))
  Logic Levels:           0  
  Clock Path Skew:        0.134ns (DCD - SCD - CPR)
    Destination Clock Delay (DCD):    3.497ns
    Source Clock Delay      (SCD):    3.111ns
    Clock Pessimism Removal (CPR):    0.251ns
  Clock Net Delay (Source):      2.895ns (routing 1.527ns, distribution 1.368ns)
  Clock Net Delay (Destination): 3.230ns (routing 1.671ns, distribution 1.559ns)

    Location             Delay type                Incr(ns)  Path(ns)    Netlist Resource(s)
  -------------------------------------------------------------------    -------------------
                         (clock clk_pl_0 rise edge)
                                                      0.000     0.000 r  
    PS8_X0Y0             PS8                          0.000     0.000 r  u_project_1_wrapper/project_1_i/K26_SOM/inst/PS8_i/PLCLK[0]
                         net (fo=1, routed)           0.181     0.181    u_project_1_wrapper/project_1_i/K26_SOM/inst/pl_clk_unbuffered[0]
    BUFG_PS_X0Y89        BUFG_PS (Prop_BUFG_PS_I_O)
                                                      0.035     0.216 r  u_project_1_wrapper/project_1_i/K26_SOM/inst/buffer_pl_clk_0.PL_CLK_0_BUFG/O
    X1Y1 (CLOCK_ROOT)    net (fo=23441, routed)       2.895     3.111    u_project_1_wrapper/project_1_i/AXI_AD3552_C1_DMA/inst/i_regmap/i_up_axi/s_axi_aclk
    SLICE_X14Y71         FDRE                                         r  u_project_1_wrapper/project_1_i/AXI_AD3552_C1_DMA/inst/i_regmap/i_up_axi/up_wdata_int_reg[29]/C
  -------------------------------------------------------------------    -------------------
    SLICE_X14Y71         FDRE (Prop_AFF_SLICEL_C_Q)
                                                      0.112     3.223 r  u_project_1_wrapper/project_1_i/AXI_AD3552_C1_DMA/inst/i_regmap/i_up_axi/up_wdata_int_reg[29]/Q
                         net (fo=2, routed)           0.135     3.358    u_project_1_wrapper/project_1_i/AXI_AD3552_C1_DMA/inst/i_regmap/i_up_axi_n_11
    SLICE_X15Y71         FDRE                                         r  u_project_1_wrapper/project_1_i/AXI_AD3552_C1_DMA/inst/i_regmap/up_scratch_reg[29]/D
  -------------------------------------------------------------------    -------------------

                         (clock clk_pl_0 rise edge)
                                                      0.000     0.000 r  
    PS8_X0Y0             PS8                          0.000     0.000 r  u_project_1_wrapper/project_1_i/K26_SOM/inst/PS8_i/PLCLK[0]
                         net (fo=1, routed)           0.229     0.229    u_project_1_wrapper/project_1_i/K26_SOM/inst/pl_clk_unbuffered[0]
    BUFG_PS_X0Y89        BUFG_PS (Prop_BUFG_PS_I_O)
                                                      0.038     0.267 r  u_project_1_wrapper/project_1_i/K26_SOM/inst/buffer_pl_clk_0.PL_CLK_0_BUFG/O
    X1Y1 (CLOCK_ROOT)    net (fo=23441, routed)       3.230     3.497    u_project_1_wrapper/project_1_i/AXI_AD3552_C1_DMA/inst/i_regmap/s_axi_aclk
    SLICE_X15Y71         FDRE                                         r  u_project_1_wrapper/project_1_i/AXI_AD3552_C1_DMA/inst/i_regmap/up_scratch_reg[29]/C
                         clock pessimism             -0.251     3.246    
    SLICE_X15Y71         FDRE (Hold_GFF2_SLICEL_C_D)
                                                      0.103     3.349    u_project_1_wrapper/project_1_i/AXI_AD3552_C1_DMA/inst/i_regmap/up_scratch_reg[29]
  -------------------------------------------------------------------
                         required time                         -3.349    
                         arrival time                           3.358    
  -------------------------------------------------------------------
                         slack                                  0.009    

Slack (MET) :             0.010ns  (arrival time - required time)
  Source:                 u_project_1_wrapper/project_1_i/AXI_ADA4355_DMA/inst/i_transfer/i_reset_manager/FSM_onehot_state_reg[4]/C
                            (rising edge-triggered cell FDRE clocked by clk_pl_0  {rise@0.000ns fall@5.000ns period=10.000ns})
  Destination:            u_project_1_wrapper/project_1_i/AXI_ADA4355_DMA/inst/i_transfer/i_reset_manager/do_enable_reg/D
                            (rising edge-triggered cell FDRE clocked by clk_pl_0  {rise@0.000ns fall@5.000ns period=10.000ns})
  Path Group:             clk_pl_0
  Path Type:              Hold (Min at Slow Process Corner)
  Requirement:            0.000ns  (clk_pl_0 rise@0.000ns - clk_pl_0 rise@0.000ns)
  Data Path Delay:        0.322ns  (logic 0.210ns (65.269%)  route 0.112ns (34.731%))
  Logic Levels:           1  (LUT2=1)
  Clock Path Skew:        0.211ns (DCD - SCD - CPR)
    Destination Clock Delay (DCD):    3.551ns
    Source Clock Delay      (SCD):    3.145ns
    Clock Pessimism Removal (CPR):    0.195ns
  Clock Net Delay (Source):      2.929ns (routing 1.527ns, distribution 1.402ns)
  Clock Net Delay (Destination): 3.284ns (routing 1.671ns, distribution 1.613ns)

    Location             Delay type                Incr(ns)  Path(ns)    Netlist Resource(s)
  -------------------------------------------------------------------    -------------------
                         (clock clk_pl_0 rise edge)
                                                      0.000     0.000 r  
    PS8_X0Y0             PS8                          0.000     0.000 r  u_project_1_wrapper/project_1_i/K26_SOM/inst/PS8_i/PLCLK[0]
                         net (fo=1, routed)           0.181     0.181    u_project_1_wrapper/project_1_i/K26_SOM/inst/pl_clk_unbuffered[0]
    BUFG_PS_X0Y89        BUFG_PS (Prop_BUFG_PS_I_O)
                                                      0.035     0.216 r  u_project_1_wrapper/project_1_i/K26_SOM/inst/buffer_pl_clk_0.PL_CLK_0_BUFG/O
    X1Y1 (CLOCK_ROOT)    net (fo=23441, routed)       2.929     3.145    u_project_1_wrapper/project_1_i/AXI_ADA4355_DMA/inst/i_transfer/i_reset_manager/s_axi_aclk
    SLICE_X9Y119         FDRE                                         r  u_project_1_wrapper/project_1_i/AXI_ADA4355_DMA/inst/i_transfer/i_reset_manager/FSM_onehot_state_reg[4]/C
  -------------------------------------------------------------------    -------------------
    SLICE_X9Y119         FDRE (Prop_GFF_SLICEL_C_Q)
                                                      0.112     3.257 r  u_project_1_wrapper/project_1_i/AXI_ADA4355_DMA/inst/i_transfer/i_reset_manager/FSM_onehot_state_reg[4]/Q
                         net (fo=3, routed)           0.083     3.340    u_project_1_wrapper/project_1_i/AXI_ADA4355_DMA/inst/i_transfer/i_reset_manager/FSM_onehot_state_reg_n_0_[4]
    SLICE_X9Y120         LUT2 (Prop_D6LUT_SLICEL_I0_O)
                                                      0.098     3.438 r  u_project_1_wrapper/project_1_i/AXI_ADA4355_DMA/inst/i_transfer/i_reset_manager/do_enable_i_1/O
                         net (fo=1, routed)           0.029     3.467    u_project_1_wrapper/project_1_i/AXI_ADA4355_DMA/inst/i_transfer/i_reset_manager/do_enable0
    SLICE_X9Y120         FDRE                                         r  u_project_1_wrapper/project_1_i/AXI_ADA4355_DMA/inst/i_transfer/i_reset_manager/do_enable_reg/D
  -------------------------------------------------------------------    -------------------

                         (clock clk_pl_0 rise edge)
                                                      0.000     0.000 r  
    PS8_X0Y0             PS8                          0.000     0.000 r  u_project_1_wrapper/project_1_i/K26_SOM/inst/PS8_i/PLCLK[0]
                         net (fo=1, routed)           0.229     0.229    u_project_1_wrapper/project_1_i/K26_SOM/inst/pl_clk_unbuffered[0]
    BUFG_PS_X0Y89        BUFG_PS (Prop_BUFG_PS_I_O)
                                                      0.038     0.267 r  u_project_1_wrapper/project_1_i/K26_SOM/inst/buffer_pl_clk_0.PL_CLK_0_BUFG/O
    X1Y1 (CLOCK_ROOT)    net (fo=23441, routed)       3.284     3.551    u_project_1_wrapper/project_1_i/AXI_ADA4355_DMA/inst/i_transfer/i_reset_manager/s_axi_aclk
    SLICE_X9Y120         FDRE                                         r  u_project_1_wrapper/project_1_i/AXI_ADA4355_DMA/inst/i_transfer/i_reset_manager/do_enable_reg/C
                         clock pessimism             -0.195     3.356    
    SLICE_X9Y120         FDRE (Hold_DFF_SLICEL_C_D)
                                                      0.101     3.457    u_project_1_wrapper/project_1_i/AXI_ADA4355_DMA/inst/i_transfer/i_reset_manager/do_enable_reg
  -------------------------------------------------------------------
                         required time                         -3.457    
                         arrival time                           3.467    
  -------------------------------------------------------------------
                         slack                                  0.010    

Slack (MET) :             0.010ns  (arrival time - required time)
  Source:                 u_project_1_wrapper/project_1_i/AXI_AD3552_C2/inst/axi_ad3552r_up_core/axi_ad3552r_channel_0/i_dds/dds_phase[1].i_dds_2/i_dds_1_0/i_dds_sine/rotation[0].pipe/result_z_reg[6]/C
                            (rising edge-triggered cell FDRE clocked by mmcm_clk_0_s  {rise@0.000ns fall@4.167ns period=8.333ns})
  Destination:            u_project_1_wrapper/project_1_i/AXI_AD3552_C2/inst/axi_ad3552r_up_core/axi_ad3552r_channel_0/i_dds/dds_phase[1].i_dds_2/i_dds_1_0/i_dds_sine/rotation[1].pipe/result_z_reg[8]/D
                            (rising edge-triggered cell FDRE clocked by mmcm_clk_0_s  {rise@0.000ns fall@4.167ns period=8.333ns})
  Path Group:             mmcm_clk_0_s
  Path Type:              Hold (Min at Slow Process Corner)
  Requirement:            0.000ns  (mmcm_clk_0_s rise@0.000ns - mmcm_clk_0_s rise@0.000ns)
  Data Path Delay:        0.345ns  (logic 0.235ns (68.048%)  route 0.110ns (31.952%))
  Logic Levels:           2  (CARRY8=2)
  Clock Path Skew:        0.234ns (DCD - SCD - CPR)
    Destination Clock Delay (DCD):    3.063ns
    Source Clock Delay      (SCD):    3.195ns
    Clock Pessimism Removal (CPR):    -0.367ns
  Clock Net Delay (Source):      2.377ns (routing 1.044ns, distribution 1.333ns)
  Clock Net Delay (Destination): 2.702ns (routing 1.134ns, distribution 1.568ns)

    Location             Delay type                Incr(ns)  Path(ns)    Netlist Resource(s)
  -------------------------------------------------------------------    -------------------
                         (clock mmcm_clk_0_s rise edge)
                                                      0.000     0.000 r  
    PS8_X0Y0             PS8                          0.000     0.000 r  u_project_1_wrapper/project_1_i/K26_SOM/inst/PS8_i/PLCLK[0]
                         net (fo=1, routed)           0.181     0.181    u_project_1_wrapper/project_1_i/K26_SOM/inst/pl_clk_unbuffered[0]
    BUFG_PS_X0Y89        BUFG_PS (Prop_BUFG_PS_I_O)
                                                      0.035     0.216 r  u_project_1_wrapper/project_1_i/K26_SOM/inst/buffer_pl_clk_0.PL_CLK_0_BUFG/O
                         net (fo=23441, routed)       2.576     2.792    u_project_1_wrapper/project_1_i/axi_clkgen_0/inst/i_mmcm_drp/clk
    MMCM_X0Y2            MMCME4_ADV (Prop_MMCM_CLKIN1_CLKOUT0)
                                                     -2.319     0.473 r  u_project_1_wrapper/project_1_i/axi_clkgen_0/inst/i_mmcm_drp/i_mmcme4/CLKOUT0
                         net (fo=1, routed)           0.306     0.779    u_project_1_wrapper/project_1_i/axi_clkgen_0/inst/i_mmcm_drp/mmcm_clk_0_s
    BUFGCE_X0Y62         BUFGCE (Prop_BUFCE_BUFGCE_I_O)
                                                      0.039     0.818 r  u_project_1_wrapper/project_1_i/axi_clkgen_0/inst/i_mmcm_drp/i_clk_0_bufg/O
    X0Y1 (CLOCK_ROOT)    net (fo=7530, routed)        2.377     3.195    u_project_1_wrapper/project_1_i/AXI_AD3552_C2/inst/axi_ad3552r_up_core/axi_ad3552r_channel_0/i_dds/dds_phase[1].i_dds_2/i_dds_1_0/i_dds_sine/rotation[0].pipe/dac_clk
    SLICE_X30Y119        FDRE                                         r  u_project_1_wrapper/project_1_i/AXI_AD3552_C2/inst/axi_ad3552r_up_core/axi_ad3552r_channel_0/i_dds/dds_phase[1].i_dds_2/i_dds_1_0/i_dds_sine/rotation[0].pipe/result_z_reg[6]/C
  -------------------------------------------------------------------    -------------------
    SLICE_X30Y119        FDRE (Prop_GFF_SLICEL_C_Q)
                                                      0.112     3.307 r  u_project_1_wrapper/project_1_i/AXI_AD3552_C2/inst/axi_ad3552r_up_core/axi_ad3552r_channel_0/i_dds/dds_phase[1].i_dds_2/i_dds_1_0/i_dds_sine/rotation[0].pipe/result_z_reg[6]/Q
                         net (fo=2, routed)           0.094     3.402    u_project_1_wrapper/project_1_i/AXI_AD3552_C2/inst/axi_ad3552r_up_core/axi_ad3552r_channel_0/i_dds/dds_phase[1].i_dds_2/i_dds_1_0/i_dds_sine/rotation[1].pipe/result_z_reg[15]_1[6]
    SLICE_X29Y119        CARRY8 (Prop_CARRY8_SLICEM_DI[6]_CO[7])
                                                      0.079     3.481 r  u_project_1_wrapper/project_1_i/AXI_AD3552_C2/inst/axi_ad3552r_up_core/axi_ad3552r_channel_0/i_dds/dds_phase[1].i_dds_2/i_dds_1_0/i_dds_sine/rotation[1].pipe/result_z_reg0_carry/CO[7]
                         net (fo=1, routed)           0.005     3.486    u_project_1_wrapper/project_1_i/AXI_AD3552_C2/inst/axi_ad3552r_up_core/axi_ad3552r_channel_0/i_dds/dds_phase[1].i_dds_2/i_dds_1_0/i_dds_sine/rotation[1].pipe/result_z_reg0_carry_n_0
    SLICE_X29Y120        CARRY8 (Prop_CARRY8_SLICEM_CI_O[0])
                                                      0.044     3.530 r  u_project_1_wrapper/project_1_i/AXI_AD3552_C2/inst/axi_ad3552r_up_core/axi_ad3552r_channel_0/i_dds/dds_phase[1].i_dds_2/i_dds_1_0/i_dds_sine/rotation[1].pipe/result_z_reg0_carry__0/O[0]
                         net (fo=1, routed)           0.011     3.541    u_project_1_wrapper/project_1_i/AXI_AD3552_C2/inst/axi_ad3552r_up_core/axi_ad3552r_channel_0/i_dds/dds_phase[1].i_dds_2/i_dds_1_0/i_dds_sine/rotation[1].pipe/result_z_reg0_carry__0_n_15
    SLICE_X29Y120        FDRE                                         r  u_project_1_wrapper/project_1_i/AXI_AD3552_C2/inst/axi_ad3552r_up_core/axi_ad3552r_channel_0/i_dds/dds_phase[1].i_dds_2/i_dds_1_0/i_dds_sine/rotation[1].pipe/result_z_reg[8]/D
  -------------------------------------------------------------------    -------------------

                         (clock mmcm_clk_0_s rise edge)
                                                      0.000     0.000 r  
    PS8_X0Y0             PS8                          0.000     0.000 r  u_project_1_wrapper/project_1_i/K26_SOM/inst/PS8_i/PLCLK[0]
                         net (fo=1, routed)           0.229     0.229    u_project_1_wrapper/project_1_i/K26_SOM/inst/pl_clk_unbuffered[0]
    BUFG_PS_X0Y89        BUFG_PS (Prop_BUFG_PS_I_O)
                                                      0.038     0.267 r  u_project_1_wrapper/project_1_i/K26_SOM/inst/buffer_pl_clk_0.PL_CLK_0_BUFG/O
                         net (fo=23441, routed)       2.830     3.097    u_project_1_wrapper/project_1_i/axi_clkgen_0/inst/i_mmcm_drp/clk
    MMCM_X0Y2            MMCME4_ADV (Prop_MMCM_CLKIN1_CLKOUT0)
                                                     -3.127    -0.030 r  u_project_1_wrapper/project_1_i/axi_clkgen_0/inst/i_mmcm_drp/i_mmcme4/CLKOUT0
                         net (fo=1, routed)           0.347     0.317    u_project_1_wrapper/project_1_i/axi_clkgen_0/inst/i_mmcm_drp/mmcm_clk_0_s
    BUFGCE_X0Y62         BUFGCE (Prop_BUFCE_BUFGCE_I_O)
                                                      0.044     0.361 r  u_project_1_wrapper/project_1_i/axi_clkgen_0/inst/i_mmcm_drp/i_clk_0_bufg/O
    X0Y1 (CLOCK_ROOT)    net (fo=7530, routed)        2.702     3.063    u_project_1_wrapper/project_1_i/AXI_AD3552_C2/inst/axi_ad3552r_up_core/axi_ad3552r_channel_0/i_dds/dds_phase[1].i_dds_2/i_dds_1_0/i_dds_sine/rotation[1].pipe/dac_clk
    SLICE_X29Y120        FDRE                                         r  u_project_1_wrapper/project_1_i/AXI_AD3552_C2/inst/axi_ad3552r_up_core/axi_ad3552r_channel_0/i_dds/dds_phase[1].i_dds_2/i_dds_1_0/i_dds_sine/rotation[1].pipe/result_z_reg[8]/C
                         clock pessimism              0.367     3.430    
    SLICE_X29Y120        FDRE (Hold_AFF_SLICEM_C_D)
                                                      0.101     3.531    u_project_1_wrapper/project_1_i/AXI_AD3552_C2/inst/axi_ad3552r_up_core/axi_ad3552r_channel_0/i_dds/dds_phase[1].i_dds_2/i_dds_1_0/i_dds_sine/rotation[1].pipe/result_z_reg[8]
  -------------------------------------------------------------------
                         required time                         -3.531    
                         arrival time                           3.541    
  -------------------------------------------------------------------
                         slack                                  0.010    

Slack (MET) :             0.010ns  (arrival time - required time)
  Source:                 u_ila_0/inst/ila_core_inst/u_ila_cap_ctrl/u_cap_addrgen/u_cap_window_counter/iwcnt_reg[3]/C
                            (rising edge-triggered cell FDRE clocked by clk_pl_0  {rise@0.000ns fall@5.000ns period=10.000ns})
  Destination:            u_ila_0/inst/ila_core_inst/u_ila_cap_ctrl/u_cap_addrgen/captured_samples_reg[3]/D
                            (rising edge-triggered cell FDRE clocked by clk_pl_0  {rise@0.000ns fall@5.000ns period=10.000ns})
  Path Group:             clk_pl_0
  Path Type:              Hold (Min at Slow Process Corner)
  Requirement:            0.000ns  (clk_pl_0 rise@0.000ns - clk_pl_0 rise@0.000ns)
  Data Path Delay:        0.263ns  (logic 0.112ns (42.589%)  route 0.151ns (57.411%))
  Logic Levels:           0  
  Clock Path Skew:        0.150ns (DCD - SCD - CPR)
    Destination Clock Delay (DCD):    3.383ns
    Source Clock Delay      (SCD):    3.035ns
    Clock Pessimism Removal (CPR):    0.198ns
  Clock Net Delay (Source):      2.819ns (routing 1.527ns, distribution 1.292ns)
  Clock Net Delay (Destination): 3.116ns (routing 1.671ns, distribution 1.445ns)

    Location             Delay type                Incr(ns)  Path(ns)    Netlist Resource(s)
  -------------------------------------------------------------------    -------------------
                         (clock clk_pl_0 rise edge)
                                                      0.000     0.000 r  
    PS8_X0Y0             PS8                          0.000     0.000 r  u_project_1_wrapper/project_1_i/K26_SOM/inst/PS8_i/PLCLK[0]
                         net (fo=1, routed)           0.181     0.181    u_project_1_wrapper/project_1_i/K26_SOM/inst/pl_clk_unbuffered[0]
    BUFG_PS_X0Y89        BUFG_PS (Prop_BUFG_PS_I_O)
                                                      0.035     0.216 r  u_project_1_wrapper/project_1_i/K26_SOM/inst/buffer_pl_clk_0.PL_CLK_0_BUFG/O
    X1Y1 (CLOCK_ROOT)    net (fo=23441, routed)       2.819     3.035    u_ila_0/inst/ila_core_inst/u_ila_cap_ctrl/u_cap_addrgen/u_cap_window_counter/DESIGN_CLK_I
    SLICE_X47Y55         FDRE                                         r  u_ila_0/inst/ila_core_inst/u_ila_cap_ctrl/u_cap_addrgen/u_cap_window_counter/iwcnt_reg[3]/C
  -------------------------------------------------------------------    -------------------
    SLICE_X47Y55         FDRE (Prop_DFF_SLICEL_C_Q)
                                                      0.112     3.147 r  u_ila_0/inst/ila_core_inst/u_ila_cap_ctrl/u_cap_addrgen/u_cap_window_counter/iwcnt_reg[3]/Q
                         net (fo=12, routed)          0.151     3.298    u_ila_0/inst/ila_core_inst/u_ila_cap_ctrl/u_cap_addrgen/wcnt[3]
    SLICE_X47Y60         FDRE                                         r  u_ila_0/inst/ila_core_inst/u_ila_cap_ctrl/u_cap_addrgen/captured_samples_reg[3]/D
  -------------------------------------------------------------------    -------------------

                         (clock clk_pl_0 rise edge)
                                                      0.000     0.000 r  
    PS8_X0Y0             PS8                          0.000     0.000 r  u_project_1_wrapper/project_1_i/K26_SOM/inst/PS8_i/PLCLK[0]
                         net (fo=1, routed)           0.229     0.229    u_project_1_wrapper/project_1_i/K26_SOM/inst/pl_clk_unbuffered[0]
    BUFG_PS_X0Y89        BUFG_PS (Prop_BUFG_PS_I_O)
                                                      0.038     0.267 r  u_project_1_wrapper/project_1_i/K26_SOM/inst/buffer_pl_clk_0.PL_CLK_0_BUFG/O
    X1Y1 (CLOCK_ROOT)    net (fo=23441, routed)       3.116     3.383    u_ila_0/inst/ila_core_inst/u_ila_cap_ctrl/u_cap_addrgen/DESIGN_CLK_I
    SLICE_X47Y60         FDRE                                         r  u_ila_0/inst/ila_core_inst/u_ila_cap_ctrl/u_cap_addrgen/captured_samples_reg[3]/C
                         clock pessimism             -0.198     3.185    
    SLICE_X47Y60         FDRE (Hold_CFF2_SLICEL_C_D)
                                                      0.103     3.288    u_ila_0/inst/ila_core_inst/u_ila_cap_ctrl/u_cap_addrgen/captured_samples_reg[3]
  -------------------------------------------------------------------
                         required time                         -3.288    
                         arrival time                           3.298    
  -------------------------------------------------------------------
                         slack                                  0.010    

Slack (MET) :             0.010ns  (arrival time - required time)
  Source:                 u_project_1_wrapper/project_1_i/AXI_AD3552_C2/inst/axi_ad3552r_up_core/axi_ad3552r_channel_1/i_dds/dds_phase[1].dac_dds_phase_1_reg[1][2]/C
                            (rising edge-triggered cell FDRE clocked by mmcm_clk_0_s  {rise@0.000ns fall@4.167ns period=8.333ns})
  Destination:            u_project_1_wrapper/project_1_i/AXI_AD3552_C2/inst/axi_ad3552r_up_core/axi_ad3552r_channel_1/i_dds/dds_phase[1].dac_dds_phase_1_m_reg[1][2]/D
                            (rising edge-triggered cell FDRE clocked by mmcm_clk_0_s  {rise@0.000ns fall@4.167ns period=8.333ns})
  Path Group:             mmcm_clk_0_s
  Path Type:              Hold (Min at Slow Process Corner)
  Requirement:            0.000ns  (mmcm_clk_0_s rise@0.000ns - mmcm_clk_0_s rise@0.000ns)
  Data Path Delay:        0.218ns  (logic 0.112ns (51.360%)  route 0.106ns (48.640%))
  Logic Levels:           0  
  Clock Path Skew:        0.106ns (DCD - SCD - CPR)
    Destination Clock Delay (DCD):    2.949ns
    Source Clock Delay      (SCD):    3.153ns
    Clock Pessimism Removal (CPR):    -0.310ns
  Clock Net Delay (Source):      2.335ns (routing 1.044ns, distribution 1.291ns)
  Clock Net Delay (Destination): 2.588ns (routing 1.134ns, distribution 1.454ns)

    Location             Delay type                Incr(ns)  Path(ns)    Netlist Resource(s)
  -------------------------------------------------------------------    -------------------
                         (clock mmcm_clk_0_s rise edge)
                                                      0.000     0.000 r  
    PS8_X0Y0             PS8                          0.000     0.000 r  u_project_1_wrapper/project_1_i/K26_SOM/inst/PS8_i/PLCLK[0]
                         net (fo=1, routed)           0.181     0.181    u_project_1_wrapper/project_1_i/K26_SOM/inst/pl_clk_unbuffered[0]
    BUFG_PS_X0Y89        BUFG_PS (Prop_BUFG_PS_I_O)
                                                      0.035     0.216 r  u_project_1_wrapper/project_1_i/K26_SOM/inst/buffer_pl_clk_0.PL_CLK_0_BUFG/O
                         net (fo=23441, routed)       2.576     2.792    u_project_1_wrapper/project_1_i/axi_clkgen_0/inst/i_mmcm_drp/clk
    MMCM_X0Y2            MMCME4_ADV (Prop_MMCM_CLKIN1_CLKOUT0)
                                                     -2.319     0.473 r  u_project_1_wrapper/project_1_i/axi_clkgen_0/inst/i_mmcm_drp/i_mmcme4/CLKOUT0
                         net (fo=1, routed)           0.306     0.779    u_project_1_wrapper/project_1_i/axi_clkgen_0/inst/i_mmcm_drp/mmcm_clk_0_s
    BUFGCE_X0Y62         BUFGCE (Prop_BUFCE_BUFGCE_I_O)
                                                      0.039     0.818 r  u_project_1_wrapper/project_1_i/axi_clkgen_0/inst/i_mmcm_drp/i_clk_0_bufg/O
    X0Y1 (CLOCK_ROOT)    net (fo=7530, routed)        2.335     3.153    u_project_1_wrapper/project_1_i/AXI_AD3552_C2/inst/axi_ad3552r_up_core/axi_ad3552r_channel_1/i_dds/dac_clk
    SLICE_X23Y107        FDRE                                         r  u_project_1_wrapper/project_1_i/AXI_AD3552_C2/inst/axi_ad3552r_up_core/axi_ad3552r_channel_1/i_dds/dds_phase[1].dac_dds_phase_1_reg[1][2]/C
  -------------------------------------------------------------------    -------------------
    SLICE_X23Y107        FDRE (Prop_CFF_SLICEL_C_Q)
                                                      0.112     3.265 r  u_project_1_wrapper/project_1_i/AXI_AD3552_C2/inst/axi_ad3552r_up_core/axi_ad3552r_channel_1/i_dds/dds_phase[1].dac_dds_phase_1_reg[1][2]/Q
                         net (fo=2, routed)           0.106     3.371    u_project_1_wrapper/project_1_i/AXI_AD3552_C2/inst/axi_ad3552r_up_core/axi_ad3552r_channel_1/i_dds/dds_phase[1].dac_dds_phase_1_reg[1]_6[2]
    SLICE_X24Y107        FDRE                                         r  u_project_1_wrapper/project_1_i/AXI_AD3552_C2/inst/axi_ad3552r_up_core/axi_ad3552r_channel_1/i_dds/dds_phase[1].dac_dds_phase_1_m_reg[1][2]/D
  -------------------------------------------------------------------    -------------------

                         (clock mmcm_clk_0_s rise edge)
                                                      0.000     0.000 r  
    PS8_X0Y0             PS8                          0.000     0.000 r  u_project_1_wrapper/project_1_i/K26_SOM/inst/PS8_i/PLCLK[0]
                         net (fo=1, routed)           0.229     0.229    u_project_1_wrapper/project_1_i/K26_SOM/inst/pl_clk_unbuffered[0]
    BUFG_PS_X0Y89        BUFG_PS (Prop_BUFG_PS_I_O)
                                                      0.038     0.267 r  u_project_1_wrapper/project_1_i/K26_SOM/inst/buffer_pl_clk_0.PL_CLK_0_BUFG/O
                         net (fo=23441, routed)       2.830     3.097    u_project_1_wrapper/project_1_i/axi_clkgen_0/inst/i_mmcm_drp/clk
    MMCM_X0Y2            MMCME4_ADV (Prop_MMCM_CLKIN1_CLKOUT0)
                                                     -3.127    -0.030 r  u_project_1_wrapper/project_1_i/axi_clkgen_0/inst/i_mmcm_drp/i_mmcme4/CLKOUT0
                         net (fo=1, routed)           0.347     0.317    u_project_1_wrapper/project_1_i/axi_clkgen_0/inst/i_mmcm_drp/mmcm_clk_0_s
    BUFGCE_X0Y62         BUFGCE (Prop_BUFCE_BUFGCE_I_O)
                                                      0.044     0.361 r  u_project_1_wrapper/project_1_i/axi_clkgen_0/inst/i_mmcm_drp/i_clk_0_bufg/O
    X0Y1 (CLOCK_ROOT)    net (fo=7530, routed)        2.588     2.949    u_project_1_wrapper/project_1_i/AXI_AD3552_C2/inst/axi_ad3552r_up_core/axi_ad3552r_channel_1/i_dds/dac_clk
    SLICE_X24Y107        FDRE                                         r  u_project_1_wrapper/project_1_i/AXI_AD3552_C2/inst/axi_ad3552r_up_core/axi_ad3552r_channel_1/i_dds/dds_phase[1].dac_dds_phase_1_m_reg[1][2]/C
                         clock pessimism              0.310     3.259    
    SLICE_X24Y107        FDRE (Hold_BFF2_SLICEM_C_D)
                                                      0.102     3.361    u_project_1_wrapper/project_1_i/AXI_AD3552_C2/inst/axi_ad3552r_up_core/axi_ad3552r_channel_1/i_dds/dds_phase[1].dac_dds_phase_1_m_reg[1][2]
  -------------------------------------------------------------------
                         required time                         -3.361    
                         arrival time                           3.371    
  -------------------------------------------------------------------
                         slack                                  0.010    

Slack (MET) :             0.011ns  (arrival time - required time)
  Source:                 u_project_1_wrapper/project_1_i/axi_laser_current_ct_0/inst/axi_laser_current_ctrl_v1_0_S00_AXI_inst/slv_reg_reg[42][28]/C
                            (rising edge-triggered cell FDRE clocked by clk_pl_0  {rise@0.000ns fall@5.000ns period=10.000ns})
  Destination:            u_project_1_wrapper/project_1_i/axi_laser_current_ct_0/inst/axi_laser_current_ctrl_v1_0_S00_AXI_inst/u_laser_current_ctrl_core/lock_pipe_s0_sat_count_eff_reg[28]/D
                            (rising edge-triggered cell FDRE clocked by clk_pl_0  {rise@0.000ns fall@5.000ns period=10.000ns})
  Path Group:             clk_pl_0
  Path Type:              Hold (Min at Slow Process Corner)
  Requirement:            0.000ns  (clk_pl_0 rise@0.000ns - clk_pl_0 rise@0.000ns)
  Data Path Delay:        0.251ns  (logic 0.113ns (45.042%)  route 0.138ns (54.958%))
  Logic Levels:           0  
  Clock Path Skew:        0.137ns (DCD - SCD - CPR)
    Destination Clock Delay (DCD):    3.502ns
    Source Clock Delay      (SCD):    3.120ns
    Clock Pessimism Removal (CPR):    0.244ns
  Clock Net Delay (Source):      2.904ns (routing 1.527ns, distribution 1.377ns)
  Clock Net Delay (Destination): 3.235ns (routing 1.671ns, distribution 1.564ns)

    Location             Delay type                Incr(ns)  Path(ns)    Netlist Resource(s)
  -------------------------------------------------------------------    -------------------
                         (clock clk_pl_0 rise edge)
                                                      0.000     0.000 r  
    PS8_X0Y0             PS8                          0.000     0.000 r  u_project_1_wrapper/project_1_i/K26_SOM/inst/PS8_i/PLCLK[0]
                         net (fo=1, routed)           0.181     0.181    u_project_1_wrapper/project_1_i/K26_SOM/inst/pl_clk_unbuffered[0]
    BUFG_PS_X0Y89        BUFG_PS (Prop_BUFG_PS_I_O)
                                                      0.035     0.216 r  u_project_1_wrapper/project_1_i/K26_SOM/inst/buffer_pl_clk_0.PL_CLK_0_BUFG/O
    X1Y1 (CLOCK_ROOT)    net (fo=23441, routed)       2.904     3.120    u_project_1_wrapper/project_1_i/axi_laser_current_ct_0/inst/axi_laser_current_ctrl_v1_0_S00_AXI_inst/s00_axi_aclk
    SLICE_X49Y192        FDRE                                         r  u_project_1_wrapper/project_1_i/axi_laser_current_ct_0/inst/axi_laser_current_ctrl_v1_0_S00_AXI_inst/slv_reg_reg[42][28]/C
  -------------------------------------------------------------------    -------------------
    SLICE_X49Y192        FDRE (Prop_CFF2_SLICEL_C_Q)
                                                      0.113     3.233 r  u_project_1_wrapper/project_1_i/axi_laser_current_ct_0/inst/axi_laser_current_ctrl_v1_0_S00_AXI_inst/slv_reg_reg[42][28]/Q
                         net (fo=6, routed)           0.138     3.371    u_project_1_wrapper/project_1_i/axi_laser_current_ct_0/inst/axi_laser_current_ctrl_v1_0_S00_AXI_inst/u_laser_current_ctrl_core/lock_pipe_s0_sat_count_eff_reg[31]_0[28]
    SLICE_X51Y193        FDRE                                         r  u_project_1_wrapper/project_1_i/axi_laser_current_ct_0/inst/axi_laser_current_ctrl_v1_0_S00_AXI_inst/u_laser_current_ctrl_core/lock_pipe_s0_sat_count_eff_reg[28]/D
  -------------------------------------------------------------------    -------------------

                         (clock clk_pl_0 rise edge)
                                                      0.000     0.000 r  
    PS8_X0Y0             PS8                          0.000     0.000 r  u_project_1_wrapper/project_1_i/K26_SOM/inst/PS8_i/PLCLK[0]
                         net (fo=1, routed)           0.229     0.229    u_project_1_wrapper/project_1_i/K26_SOM/inst/pl_clk_unbuffered[0]
    BUFG_PS_X0Y89        BUFG_PS (Prop_BUFG_PS_I_O)
                                                      0.038     0.267 r  u_project_1_wrapper/project_1_i/K26_SOM/inst/buffer_pl_clk_0.PL_CLK_0_BUFG/O
    X1Y1 (CLOCK_ROOT)    net (fo=23441, routed)       3.235     3.502    u_project_1_wrapper/project_1_i/axi_laser_current_ct_0/inst/axi_laser_current_ctrl_v1_0_S00_AXI_inst/u_laser_current_ctrl_core/s00_axi_aclk
    SLICE_X51Y193        FDRE                                         r  u_project_1_wrapper/project_1_i/axi_laser_current_ct_0/inst/axi_laser_current_ctrl_v1_0_S00_AXI_inst/u_laser_current_ctrl_core/lock_pipe_s0_sat_count_eff_reg[28]/C
                         clock pessimism             -0.244     3.257    
    SLICE_X51Y193        FDRE (Hold_FFF2_SLICEL_C_D)
                                                      0.103     3.360    u_project_1_wrapper/project_1_i/axi_laser_current_ct_0/inst/axi_laser_current_ctrl_v1_0_S00_AXI_inst/u_laser_current_ctrl_core/lock_pipe_s0_sat_count_eff_reg[28]
  -------------------------------------------------------------------
                         required time                         -3.360    
                         arrival time                           3.371    
  -------------------------------------------------------------------
                         slack                                  0.011    

Slack (MET) :             0.011ns  (arrival time - required time)
  Source:                 u_project_1_wrapper/project_1_i/AXI_AD3552_C1/inst/axi_ad3552r_up_core/axi_ad3552r_channel_0/dac_channel/i_xfer_cntrl/d_data_cntrl_int_reg[166]/C
                            (rising edge-triggered cell FDCE clocked by mmcm_clk_0_s  {rise@0.000ns fall@4.167ns period=8.333ns})
  Destination:            u_project_1_wrapper/project_1_i/AXI_AD3552_C1/inst/axi_ad3552r_up_core/axi_ad3552r_channel_0/i_dds/dac_dds_incr_0_reg[9]/D
                            (rising edge-triggered cell FDRE clocked by mmcm_clk_0_s  {rise@0.000ns fall@4.167ns period=8.333ns})
  Path Group:             mmcm_clk_0_s
  Path Type:              Hold (Min at Slow Process Corner)
  Requirement:            0.000ns  (mmcm_clk_0_s rise@0.000ns - mmcm_clk_0_s rise@0.000ns)
  Data Path Delay:        0.242ns  (logic 0.115ns (47.521%)  route 0.127ns (52.479%))
  Logic Levels:           0  
  Clock Path Skew:        0.128ns (DCD - SCD - CPR)
    Destination Clock Delay (DCD):    3.001ns
    Source Clock Delay      (SCD):    3.183ns
    Clock Pessimism Removal (CPR):    -0.310ns
  Clock Net Delay (Source):      2.365ns (routing 1.044ns, distribution 1.321ns)
  Clock Net Delay (Destination): 2.640ns (routing 1.134ns, distribution 1.506ns)

    Location             Delay type                Incr(ns)  Path(ns)    Netlist Resource(s)
  -------------------------------------------------------------------    -------------------
                         (clock mmcm_clk_0_s rise edge)
                                                      0.000     0.000 r  
    PS8_X0Y0             PS8                          0.000     0.000 r  u_project_1_wrapper/project_1_i/K26_SOM/inst/PS8_i/PLCLK[0]
                         net (fo=1, routed)           0.181     0.181    u_project_1_wrapper/project_1_i/K26_SOM/inst/pl_clk_unbuffered[0]
    BUFG_PS_X0Y89        BUFG_PS (Prop_BUFG_PS_I_O)
                                                      0.035     0.216 r  u_project_1_wrapper/project_1_i/K26_SOM/inst/buffer_pl_clk_0.PL_CLK_0_BUFG/O
                         net (fo=23441, routed)       2.576     2.792    u_project_1_wrapper/project_1_i/axi_clkgen_0/inst/i_mmcm_drp/clk
    MMCM_X0Y2            MMCME4_ADV (Prop_MMCM_CLKIN1_CLKOUT0)
                                                     -2.319     0.473 r  u_project_1_wrapper/project_1_i/axi_clkgen_0/inst/i_mmcm_drp/i_mmcme4/CLKOUT0
                         net (fo=1, routed)           0.306     0.779    u_project_1_wrapper/project_1_i/axi_clkgen_0/inst/i_mmcm_drp/mmcm_clk_0_s
    BUFGCE_X0Y62         BUFGCE (Prop_BUFCE_BUFGCE_I_O)
                                                      0.039     0.818 r  u_project_1_wrapper/project_1_i/axi_clkgen_0/inst/i_mmcm_drp/i_clk_0_bufg/O
    X0Y1 (CLOCK_ROOT)    net (fo=7530, routed)        2.365     3.183    u_project_1_wrapper/project_1_i/AXI_AD3552_C1/inst/axi_ad3552r_up_core/axi_ad3552r_channel_0/dac_channel/i_xfer_cntrl/dac_clk
    SLICE_X34Y81         FDCE                                         r  u_project_1_wrapper/project_1_i/AXI_AD3552_C1/inst/axi_ad3552r_up_core/axi_ad3552r_channel_0/dac_channel/i_xfer_cntrl/d_data_cntrl_int_reg[166]/C
  -------------------------------------------------------------------    -------------------
    SLICE_X34Y81         FDCE (Prop_FFF2_SLICEM_C_Q)
                                                      0.115     3.298 r  u_project_1_wrapper/project_1_i/AXI_AD3552_C1/inst/axi_ad3552r_up_core/axi_ad3552r_channel_0/dac_channel/i_xfer_cntrl/d_data_cntrl_int_reg[166]/Q
                         net (fo=1, routed)           0.127     3.425    u_project_1_wrapper/project_1_i/AXI_AD3552_C1/inst/axi_ad3552r_up_core/axi_ad3552r_channel_0/i_dds/dds_scale_0_d_reg[15][57]
    SLICE_X33Y81         FDRE                                         r  u_project_1_wrapper/project_1_i/AXI_AD3552_C1/inst/axi_ad3552r_up_core/axi_ad3552r_channel_0/i_dds/dac_dds_incr_0_reg[9]/D
  -------------------------------------------------------------------    -------------------

                         (clock mmcm_clk_0_s rise edge)
                                                      0.000     0.000 r  
    PS8_X0Y0             PS8                          0.000     0.000 r  u_project_1_wrapper/project_1_i/K26_SOM/inst/PS8_i/PLCLK[0]
                         net (fo=1, routed)           0.229     0.229    u_project_1_wrapper/project_1_i/K26_SOM/inst/pl_clk_unbuffered[0]
    BUFG_PS_X0Y89        BUFG_PS (Prop_BUFG_PS_I_O)
                                                      0.038     0.267 r  u_project_1_wrapper/project_1_i/K26_SOM/inst/buffer_pl_clk_0.PL_CLK_0_BUFG/O
                         net (fo=23441, routed)       2.830     3.097    u_project_1_wrapper/project_1_i/axi_clkgen_0/inst/i_mmcm_drp/clk
    MMCM_X0Y2            MMCME4_ADV (Prop_MMCM_CLKIN1_CLKOUT0)
                                                     -3.127    -0.030 r  u_project_1_wrapper/project_1_i/axi_clkgen_0/inst/i_mmcm_drp/i_mmcme4/CLKOUT0
                         net (fo=1, routed)           0.347     0.317    u_project_1_wrapper/project_1_i/axi_clkgen_0/inst/i_mmcm_drp/mmcm_clk_0_s
    BUFGCE_X0Y62         BUFGCE (Prop_BUFCE_BUFGCE_I_O)
                                                      0.044     0.361 r  u_project_1_wrapper/project_1_i/axi_clkgen_0/inst/i_mmcm_drp/i_clk_0_bufg/O
    X0Y1 (CLOCK_ROOT)    net (fo=7530, routed)        2.640     3.001    u_project_1_wrapper/project_1_i/AXI_AD3552_C1/inst/axi_ad3552r_up_core/axi_ad3552r_channel_0/i_dds/dac_clk
    SLICE_X33Y81         FDRE                                         r  u_project_1_wrapper/project_1_i/AXI_AD3552_C1/inst/axi_ad3552r_up_core/axi_ad3552r_channel_0/i_dds/dac_dds_incr_0_reg[9]/C
                         clock pessimism              0.310     3.311    
    SLICE_X33Y81         FDRE (Hold_HFF2_SLICEL_C_D)
                                                      0.103     3.414    u_project_1_wrapper/project_1_i/AXI_AD3552_C1/inst/axi_ad3552r_up_core/axi_ad3552r_channel_0/i_dds/dac_dds_incr_0_reg[9]
  -------------------------------------------------------------------
                         required time                         -3.414    
                         arrival time                           3.425    
  -------------------------------------------------------------------
                         slack                                  0.011    

Slack (MET) :             0.011ns  (arrival time - required time)
  Source:                 u_project_1_wrapper/project_1_i/AXI_ADA4355_DMA/inst/i_regmap/i_regmap_request/up_dma_dest_address_reg[24]/C
                            (rising edge-triggered cell FDRE clocked by clk_pl_0  {rise@0.000ns fall@5.000ns period=10.000ns})
  Destination:            u_project_1_wrapper/project_1_i/AXI_ADA4355_DMA/inst/i_transfer/i_request_arb/i_src_req_fifo/zerodeep.axis_data_d_reg[59]/D
                            (rising edge-triggered cell FDRE clocked by clk_pl_0  {rise@0.000ns fall@5.000ns period=10.000ns})
  Path Group:             clk_pl_0
  Path Type:              Hold (Min at Slow Process Corner)
  Requirement:            0.000ns  (clk_pl_0 rise@0.000ns - clk_pl_0 rise@0.000ns)
  Data Path Delay:        0.335ns  (logic 0.112ns (33.403%)  route 0.223ns (66.597%))
  Logic Levels:           0  
  Clock Path Skew:        0.224ns (DCD - SCD - CPR)
    Destination Clock Delay (DCD):    3.567ns
    Source Clock Delay      (SCD):    3.148ns
    Clock Pessimism Removal (CPR):    0.195ns
  Clock Net Delay (Source):      2.932ns (routing 1.527ns, distribution 1.405ns)
  Clock Net Delay (Destination): 3.300ns (routing 1.671ns, distribution 1.629ns)

    Location             Delay type                Incr(ns)  Path(ns)    Netlist Resource(s)
  -------------------------------------------------------------------    -------------------
                         (clock clk_pl_0 rise edge)
                                                      0.000     0.000 r  
    PS8_X0Y0             PS8                          0.000     0.000 r  u_project_1_wrapper/project_1_i/K26_SOM/inst/PS8_i/PLCLK[0]
                         net (fo=1, routed)           0.181     0.181    u_project_1_wrapper/project_1_i/K26_SOM/inst/pl_clk_unbuffered[0]
    BUFG_PS_X0Y89        BUFG_PS (Prop_BUFG_PS_I_O)
                                                      0.035     0.216 r  u_project_1_wrapper/project_1_i/K26_SOM/inst/buffer_pl_clk_0.PL_CLK_0_BUFG/O
    X1Y1 (CLOCK_ROOT)    net (fo=23441, routed)       2.932     3.148    u_project_1_wrapper/project_1_i/AXI_ADA4355_DMA/inst/i_regmap/i_regmap_request/s_axi_aclk
    SLICE_X6Y118         FDRE                                         r  u_project_1_wrapper/project_1_i/AXI_ADA4355_DMA/inst/i_regmap/i_regmap_request/up_dma_dest_address_reg[24]/C
  -------------------------------------------------------------------    -------------------
    SLICE_X6Y118         FDRE (Prop_GFF_SLICEL_C_Q)
                                                      0.112     3.260 r  u_project_1_wrapper/project_1_i/AXI_ADA4355_DMA/inst/i_regmap/i_regmap_request/up_dma_dest_address_reg[24]/Q
                         net (fo=2, routed)           0.223     3.484    u_project_1_wrapper/project_1_i/AXI_ADA4355_DMA/inst/i_transfer/i_request_arb/i_src_req_fifo/D[26]
    SLICE_X2Y120         FDRE                                         r  u_project_1_wrapper/project_1_i/AXI_ADA4355_DMA/inst/i_transfer/i_request_arb/i_src_req_fifo/zerodeep.axis_data_d_reg[59]/D
  -------------------------------------------------------------------    -------------------

                         (clock clk_pl_0 rise edge)
                                                      0.000     0.000 r  
    PS8_X0Y0             PS8                          0.000     0.000 r  u_project_1_wrapper/project_1_i/K26_SOM/inst/PS8_i/PLCLK[0]
                         net (fo=1, routed)           0.229     0.229    u_project_1_wrapper/project_1_i/K26_SOM/inst/pl_clk_unbuffered[0]
    BUFG_PS_X0Y89        BUFG_PS (Prop_BUFG_PS_I_O)
                                                      0.038     0.267 r  u_project_1_wrapper/project_1_i/K26_SOM/inst/buffer_pl_clk_0.PL_CLK_0_BUFG/O
    X1Y1 (CLOCK_ROOT)    net (fo=23441, routed)       3.300     3.567    u_project_1_wrapper/project_1_i/AXI_ADA4355_DMA/inst/i_transfer/i_request_arb/i_src_req_fifo/s_axi_aclk
    SLICE_X2Y120         FDRE                                         r  u_project_1_wrapper/project_1_i/AXI_ADA4355_DMA/inst/i_transfer/i_request_arb/i_src_req_fifo/zerodeep.axis_data_d_reg[59]/C
                         clock pessimism             -0.195     3.372    
    SLICE_X2Y120         FDRE (Hold_GFF_SLICEM_C_D)
                                                      0.100     3.472    u_project_1_wrapper/project_1_i/AXI_ADA4355_DMA/inst/i_transfer/i_request_arb/i_src_req_fifo/zerodeep.axis_data_d_reg[59]
  -------------------------------------------------------------------
                         required time                         -3.472    
                         arrival time                           3.484    
  -------------------------------------------------------------------
                         slack                                  0.011    

Slack (MET) :             0.011ns  (arrival time - required time)
  Source:                 u_ila_0/inst/ila_core_inst/u_trig/U_TM/N_DDR_MODE.G_NMU[2].U_M/yes_output_reg.dout_reg_reg/C
                            (rising edge-triggered cell FDRE clocked by clk_pl_0  {rise@0.000ns fall@5.000ns period=10.000ns})
  Destination:            u_ila_0/inst/ila_core_inst/u_trig/N_DDR_TC.N_DDR_TC_INST[0].U_TC/allx_typeA_match_detection.ltlib_v1_0_1_allx_typeA_inst/probeDelay1_reg[2]/D
                            (rising edge-triggered cell FDRE clocked by clk_pl_0  {rise@0.000ns fall@5.000ns period=10.000ns})
  Path Group:             clk_pl_0
  Path Type:              Hold (Min at Slow Process Corner)
  Requirement:            0.000ns  (clk_pl_0 rise@0.000ns - clk_pl_0 rise@0.000ns)
  Data Path Delay:        0.353ns  (logic 0.114ns (32.295%)  route 0.239ns (67.705%))
  Logic Levels:           0  
  Clock Path Skew:        0.241ns (DCD - SCD - CPR)
    Destination Clock Delay (DCD):    3.357ns
    Source Clock Delay      (SCD):    2.918ns
    Clock Pessimism Removal (CPR):    0.198ns
  Clock Net Delay (Source):      2.702ns (routing 1.527ns, distribution 1.175ns)
  Clock Net Delay (Destination): 3.090ns (routing 1.671ns, distribution 1.419ns)

    Location             Delay type                Incr(ns)  Path(ns)    Netlist Resource(s)
  -------------------------------------------------------------------    -------------------
                         (clock clk_pl_0 rise edge)
                                                      0.000     0.000 r  
    PS8_X0Y0             PS8                          0.000     0.000 r  u_project_1_wrapper/project_1_i/K26_SOM/inst/PS8_i/PLCLK[0]
                         net (fo=1, routed)           0.181     0.181    u_project_1_wrapper/project_1_i/K26_SOM/inst/pl_clk_unbuffered[0]
    BUFG_PS_X0Y89        BUFG_PS (Prop_BUFG_PS_I_O)
                                                      0.035     0.216 r  u_project_1_wrapper/project_1_i/K26_SOM/inst/buffer_pl_clk_0.PL_CLK_0_BUFG/O
    X1Y1 (CLOCK_ROOT)    net (fo=23441, routed)       2.702     2.918    u_ila_0/inst/ila_core_inst/u_trig/U_TM/N_DDR_MODE.G_NMU[2].U_M/CLK_I
    SLICE_X40Y59         FDRE                                         r  u_ila_0/inst/ila_core_inst/u_trig/U_TM/N_DDR_MODE.G_NMU[2].U_M/yes_output_reg.dout_reg_reg/C
  -------------------------------------------------------------------    -------------------
    SLICE_X40Y59         FDRE (Prop_EFF2_SLICEM_C_Q)
                                                      0.114     3.032 r  u_ila_0/inst/ila_core_inst/u_trig/U_TM/N_DDR_MODE.G_NMU[2].U_M/yes_output_reg.dout_reg_reg/Q
                         net (fo=3, routed)           0.239     3.271    u_ila_0/inst/ila_core_inst/u_trig/N_DDR_TC.N_DDR_TC_INST[0].U_TC/allx_typeA_match_detection.ltlib_v1_0_1_allx_typeA_inst/PROBES_I[2]
    SLICE_X41Y60         FDRE                                         r  u_ila_0/inst/ila_core_inst/u_trig/N_DDR_TC.N_DDR_TC_INST[0].U_TC/allx_typeA_match_detection.ltlib_v1_0_1_allx_typeA_inst/probeDelay1_reg[2]/D
  -------------------------------------------------------------------    -------------------

                         (clock clk_pl_0 rise edge)
                                                      0.000     0.000 r  
    PS8_X0Y0             PS8                          0.000     0.000 r  u_project_1_wrapper/project_1_i/K26_SOM/inst/PS8_i/PLCLK[0]
                         net (fo=1, routed)           0.229     0.229    u_project_1_wrapper/project_1_i/K26_SOM/inst/pl_clk_unbuffered[0]
    BUFG_PS_X0Y89        BUFG_PS (Prop_BUFG_PS_I_O)
                                                      0.038     0.267 r  u_project_1_wrapper/project_1_i/K26_SOM/inst/buffer_pl_clk_0.PL_CLK_0_BUFG/O
    X1Y1 (CLOCK_ROOT)    net (fo=23441, routed)       3.090     3.357    u_ila_0/inst/ila_core_inst/u_trig/N_DDR_TC.N_DDR_TC_INST[0].U_TC/allx_typeA_match_detection.ltlib_v1_0_1_allx_typeA_inst/CLK_I
    SLICE_X41Y60         FDRE                                         r  u_ila_0/inst/ila_core_inst/u_trig/N_DDR_TC.N_DDR_TC_INST[0].U_TC/allx_typeA_match_detection.ltlib_v1_0_1_allx_typeA_inst/probeDelay1_reg[2]/C
                         clock pessimism             -0.198     3.159    
    SLICE_X41Y60         FDRE (Hold_EFF_SLICEM_C_D)
                                                      0.101     3.260    u_ila_0/inst/ila_core_inst/u_trig/N_DDR_TC.N_DDR_TC_INST[0].U_TC/allx_typeA_match_detection.ltlib_v1_0_1_allx_typeA_inst/probeDelay1_reg[2]
  -------------------------------------------------------------------
                         required time                         -3.260    
                         arrival time                           3.271    
  -------------------------------------------------------------------
                         slack                                  0.011    

Slack (MET) :             0.012ns  (arrival time - required time)
  Source:                 u_project_1_wrapper/project_1_i/AXI_ADA4355_SPI/U0/NO_DUAL_QUAD_MODE.QSPI_NORMAL/QSPI_LEGACY_MD_GEN.QSPI_CORE_INTERFACE_I/FIFO_EXISTS.TX_FIFO_II/xpm_fifo_instance.xpm_fifo_async_inst/gnuram_async_fifo.xpm_fifo_base_inst/gen_cdc_pntr.wr_pntr_cdc_inst/src_gray_ff_reg[0]/C
                            (rising edge-triggered cell FDRE clocked by clk_pl_0  {rise@0.000ns fall@5.000ns period=10.000ns})
  Destination:            u_project_1_wrapper/project_1_i/AXI_ADA4355_SPI/U0/NO_DUAL_QUAD_MODE.QSPI_NORMAL/QSPI_LEGACY_MD_GEN.QSPI_CORE_INTERFACE_I/FIFO_EXISTS.TX_FIFO_II/xpm_fifo_instance.xpm_fifo_async_inst/gnuram_async_fifo.xpm_fifo_base_inst/gen_cdc_pntr.wr_pntr_cdc_inst/dest_graysync_ff_reg[0][0]/D
                            (rising edge-triggered cell FDRE clocked by clk_pl_0  {rise@0.000ns fall@5.000ns period=10.000ns})
  Path Group:             clk_pl_0
  Path Type:              Hold (Min at Slow Process Corner)
  Requirement:            0.000ns  (clk_pl_0 rise@0.000ns - clk_pl_0 rise@0.000ns)
  Data Path Delay:        0.208ns  (logic 0.112ns (53.846%)  route 0.096ns (46.154%))
  Logic Levels:           0  
  Clock Path Skew:        0.094ns (DCD - SCD - CPR)
    Destination Clock Delay (DCD):    3.538ns
    Source Clock Delay      (SCD):    3.190ns
    Clock Pessimism Removal (CPR):    0.254ns
  Clock Net Delay (Source):      2.974ns (routing 1.527ns, distribution 1.447ns)
  Clock Net Delay (Destination): 3.271ns (routing 1.671ns, distribution 1.600ns)

    Location             Delay type                Incr(ns)  Path(ns)    Netlist Resource(s)
  -------------------------------------------------------------------    -------------------
                         (clock clk_pl_0 rise edge)
                                                      0.000     0.000 r  
    PS8_X0Y0             PS8                          0.000     0.000 r  u_project_1_wrapper/project_1_i/K26_SOM/inst/PS8_i/PLCLK[0]
                         net (fo=1, routed)           0.181     0.181    u_project_1_wrapper/project_1_i/K26_SOM/inst/pl_clk_unbuffered[0]
    BUFG_PS_X0Y89        BUFG_PS (Prop_BUFG_PS_I_O)
                                                      0.035     0.216 r  u_project_1_wrapper/project_1_i/K26_SOM/inst/buffer_pl_clk_0.PL_CLK_0_BUFG/O
    X1Y1 (CLOCK_ROOT)    net (fo=23441, routed)       2.974     3.190    u_project_1_wrapper/project_1_i/AXI_ADA4355_SPI/U0/NO_DUAL_QUAD_MODE.QSPI_NORMAL/QSPI_LEGACY_MD_GEN.QSPI_CORE_INTERFACE_I/FIFO_EXISTS.TX_FIFO_II/xpm_fifo_instance.xpm_fifo_async_inst/gnuram_async_fifo.xpm_fifo_base_inst/gen_cdc_pntr.wr_pntr_cdc_inst/src_clk
    SLICE_X4Y129         FDRE                                         r  u_project_1_wrapper/project_1_i/AXI_ADA4355_SPI/U0/NO_DUAL_QUAD_MODE.QSPI_NORMAL/QSPI_LEGACY_MD_GEN.QSPI_CORE_INTERFACE_I/FIFO_EXISTS.TX_FIFO_II/xpm_fifo_instance.xpm_fifo_async_inst/gnuram_async_fifo.xpm_fifo_base_inst/gen_cdc_pntr.wr_pntr_cdc_inst/src_gray_ff_reg[0]/C
  -------------------------------------------------------------------    -------------------
    SLICE_X4Y129         FDRE (Prop_DFF_SLICEM_C_Q)
                                                      0.112     3.302 r  u_project_1_wrapper/project_1_i/AXI_ADA4355_SPI/U0/NO_DUAL_QUAD_MODE.QSPI_NORMAL/QSPI_LEGACY_MD_GEN.QSPI_CORE_INTERFACE_I/FIFO_EXISTS.TX_FIFO_II/xpm_fifo_instance.xpm_fifo_async_inst/gnuram_async_fifo.xpm_fifo_base_inst/gen_cdc_pntr.wr_pntr_cdc_inst/src_gray_ff_reg[0]/Q
                         net (fo=1, routed)           0.096     3.398    u_project_1_wrapper/project_1_i/AXI_ADA4355_SPI/U0/NO_DUAL_QUAD_MODE.QSPI_NORMAL/QSPI_LEGACY_MD_GEN.QSPI_CORE_INTERFACE_I/FIFO_EXISTS.TX_FIFO_II/xpm_fifo_instance.xpm_fifo_async_inst/gnuram_async_fifo.xpm_fifo_base_inst/gen_cdc_pntr.wr_pntr_cdc_inst/async_path[0]
    SLICE_X3Y129         FDRE                                         r  u_project_1_wrapper/project_1_i/AXI_ADA4355_SPI/U0/NO_DUAL_QUAD_MODE.QSPI_NORMAL/QSPI_LEGACY_MD_GEN.QSPI_CORE_INTERFACE_I/FIFO_EXISTS.TX_FIFO_II/xpm_fifo_instance.xpm_fifo_async_inst/gnuram_async_fifo.xpm_fifo_base_inst/gen_cdc_pntr.wr_pntr_cdc_inst/dest_graysync_ff_reg[0][0]/D
  -------------------------------------------------------------------    -------------------

                         (clock clk_pl_0 rise edge)
                                                      0.000     0.000 r  
    PS8_X0Y0             PS8                          0.000     0.000 r  u_project_1_wrapper/project_1_i/K26_SOM/inst/PS8_i/PLCLK[0]
                         net (fo=1, routed)           0.229     0.229    u_project_1_wrapper/project_1_i/K26_SOM/inst/pl_clk_unbuffered[0]
    BUFG_PS_X0Y89        BUFG_PS (Prop_BUFG_PS_I_O)
                                                      0.038     0.267 r  u_project_1_wrapper/project_1_i/K26_SOM/inst/buffer_pl_clk_0.PL_CLK_0_BUFG/O
    X1Y1 (CLOCK_ROOT)    net (fo=23441, routed)       3.271     3.538    u_project_1_wrapper/project_1_i/AXI_ADA4355_SPI/U0/NO_DUAL_QUAD_MODE.QSPI_NORMAL/QSPI_LEGACY_MD_GEN.QSPI_CORE_INTERFACE_I/FIFO_EXISTS.TX_FIFO_II/xpm_fifo_instance.xpm_fifo_async_inst/gnuram_async_fifo.xpm_fifo_base_inst/gen_cdc_pntr.wr_pntr_cdc_inst/dest_clk
    SLICE_X3Y129         FDRE                                         r  u_project_1_wrapper/project_1_i/AXI_ADA4355_SPI/U0/NO_DUAL_QUAD_MODE.QSPI_NORMAL/QSPI_LEGACY_MD_GEN.QSPI_CORE_INTERFACE_I/FIFO_EXISTS.TX_FIFO_II/xpm_fifo_instance.xpm_fifo_async_inst/gnuram_async_fifo.xpm_fifo_base_inst/gen_cdc_pntr.wr_pntr_cdc_inst/dest_graysync_ff_reg[0][0]/C
                         clock pessimism             -0.254     3.284    
    SLICE_X3Y129         FDRE (Hold_DFF2_SLICEL_C_D)
                                                      0.102     3.386    u_project_1_wrapper/project_1_i/AXI_ADA4355_SPI/U0/NO_DUAL_QUAD_MODE.QSPI_NORMAL/QSPI_LEGACY_MD_GEN.QSPI_CORE_INTERFACE_I/FIFO_EXISTS.TX_FIFO_II/xpm_fifo_instance.xpm_fifo_async_inst/gnuram_async_fifo.xpm_fifo_base_inst/gen_cdc_pntr.wr_pntr_cdc_inst/dest_graysync_ff_reg[0][0]
  -------------------------------------------------------------------
                         required time                         -3.386    
                         arrival time                           3.398    
  -------------------------------------------------------------------
                         slack                                  0.012    




