Copyright 1986-2022 Xilinx, Inc. All Rights Reserved. Copyright 2022-2024 Advanced Micro Devices, Inc. All Rights Reserved.
---------------------------------------------------------------------------------------------------------------------------------------------
| Tool Version : Vivado v.2023.2.2 (lin64) Build 4126759 Thu Feb  8 23:52:05 MST 2024
| Date         : Sat Jun 27 02:24:15 2026
| Host         : qian-MS-7E25 running 64-bit Ubuntu 22.04.5 LTS
| Command      : report_ip_status
---------------------------------------------------------------------------------------------------------------------------------------------

IP Status Summary

1. Project IP Status
--------------------
Your project uses 39 IP. Some of these IP may have undergone changes in this release of the software. Please review the recommended actions.

More information on the Xilinx versioning policy is available at www.xilinx.com.

Project IP Instances
+------------------------------------+--------------------------------+------------------------------+-----------+--------------------+---------+-----------------------+------------+----------------------+
| Instance Name                      | Status                         | Recommendation               | Change    | IP Name            | IP      | New Version           | New        | Original Part        |
|                                    |                                |                              | Log       |                    | Version |                       | License    |                      |
+------------------------------------+--------------------------------+------------------------------+-----------+--------------------+---------+-----------------------+------------+----------------------+
| project_1_AXI_ADN8833_EN_0         | Up-to-date                     | No changes required          |  *(1)     | AXI GPIO           | 2.0     | 2.0 (Rev. 32)         | Included   | xck26-sfvc784-2LVI-i |
|                                    |                                |                              |           |                    | (Rev.   |                       |            |                      |
|                                    |                                |                              |           |                    | 32)     |                       |            |                      |
+------------------------------------+--------------------------------+------------------------------+-----------+--------------------+---------+-----------------------+------------+----------------------+
| project_1_ad4170_tec_ctrl_0_0      | Up-to-date                     | No changes required          | Change    | AD4170 TEC         | 1.0     | 1.0 (Rev. 4)          | Included   | xck26-sfvc784-2LVI-i |
|                                    |                                |                              | Log not   | Controller         | (Rev.   |                       |            |                      |
|                                    |                                |                              | available |                    | 4)      |                       |            |                      |
+------------------------------------+--------------------------------+------------------------------+-----------+--------------------+---------+-----------------------+------------+----------------------+
| project_1_axi_ad3552r_0_0          | IP definition not found        | Add IP definition to catalog | Change    | axi_ad3552r        | 1.0     | N/A                   | Included   | xck26-sfvc784-2LVI-i |
|                                    |                                |                              | Log not   |                    | (Rev.   |                       |            |                      |
|                                    |                                |                              | available |                    | 1)      |                       |            |                      |
+------------------------------------+--------------------------------+------------------------------+-----------+--------------------+---------+-----------------------+------------+----------------------+
| project_1_axi_ad3552r_0_1          | IP definition not found        | Add IP definition to catalog | Change    | axi_ad3552r        | 1.0     | N/A                   | Included   | xck26-sfvc784-2LVI-i |
|                                    |                                |                              | Log not   |                    | (Rev.   |                       |            |                      |
|                                    |                                |                              | available |                    | 1)      |                       |            |                      |
+------------------------------------+--------------------------------+------------------------------+-----------+--------------------+---------+-----------------------+------------+----------------------+
| project_1_axi_ada4355_0_0          | Up-to-date                     | No changes required          | Change    | axi_ada4355_v1_0   | 1.0     | 1.0 (Rev. 1)          | Included   | xck26-sfvc784-2LVI-i |
|                                    |                                |                              | Log not   |                    | (Rev.   |                       |            |                      |
|                                    |                                |                              | available |                    | 1)      |                       |            |                      |
+------------------------------------+--------------------------------+------------------------------+-----------+--------------------+---------+-----------------------+------------+----------------------+
| project_1_axi_ada4355_capture_0_0  | Up-to-date                     | No changes required          | Change    | AXI ADA4355        | 1.0     | 1.0 (Rev. 3)          | Included   | xck26-sfvc784-2LVI-i |
|                                    |                                |                              | Log not   | Capture            | (Rev.   |                       |            |                      |
|                                    |                                |                              | available |                    | 3)      |                       |            |                      |
+------------------------------------+--------------------------------+------------------------------+-----------+--------------------+---------+-----------------------+------------+----------------------+
| project_1_axi_bram_ctrl_0_0        | Up-to-date                     | No changes required          |  *(2)     | AXI BRAM           | 4.1     | 4.1 (Rev. 9)          | Included   | xck26-sfvc784-2LVI-i |
|                                    |                                |                              |           | Controller         | (Rev.   |                       |            |                      |
|                                    |                                |                              |           |                    | 9)      |                       |            |                      |
+------------------------------------+--------------------------------+------------------------------+-----------+--------------------+---------+-----------------------+------------+----------------------+
| project_1_axi_bram_ctrl_1_0        | Up-to-date                     | No changes required          |  *(3)     | AXI BRAM           | 4.1     | 4.1 (Rev. 9)          | Included   | xck26-sfvc784-2LVI-i |
|                                    |                                |                              |           | Controller         | (Rev.   |                       |            |                      |
|                                    |                                |                              |           |                    | 9)      |                       |            |                      |
+------------------------------------+--------------------------------+------------------------------+-----------+--------------------+---------+-----------------------+------------+----------------------+
| project_1_axi_bram_ctrl_1_1        | Up-to-date                     | No changes required          |  *(4)     | AXI BRAM           | 4.1     | 4.1 (Rev. 9)          | Included   | xck26-sfvc784-2LVI-i |
|                                    |                                |                              |           | Controller         | (Rev.   |                       |            |                      |
|                                    |                                |                              |           |                    | 9)      |                       |            |                      |
+------------------------------------+--------------------------------+------------------------------+-----------+--------------------+---------+-----------------------+------------+----------------------+
| project_1_axi_clkgen_0_0           | Incompatible IP data detected  | Upgrade IP                   | Change    | axi_clkgen_v1_0    | 1.0     | 1.0 (Rev. 1)          | Included   | xck26-sfvc784-2LVI-i |
|                                    |                                |                              | Log not   |                    | (Rev.   |                       |            |                      |
|                                    |                                |                              | available |                    | 1)      |                       |            |                      |
+------------------------------------+--------------------------------+------------------------------+-----------+--------------------+---------+-----------------------+------------+----------------------+
| project_1_axi_dmac_0_0             | Incompatible IP data detected  | Upgrade IP                   | Change    | ADI AXI DMA        | 1.0     | 1.0 (Rev. 1)          | Included   | xck26-sfvc784-2LVI-i |
|                                    |                                |                              | Log not   | Controller         | (Rev.   |                       |            |                      |
|                                    |                                |                              | available |                    | 1)      |                       |            |                      |
+------------------------------------+--------------------------------+------------------------------+-----------+--------------------+---------+-----------------------+------------+----------------------+
| project_1_axi_dmac_0_1             | Incompatible IP data detected  | Upgrade IP                   | Change    | ADI AXI DMA        | 1.0     | 1.0 (Rev. 1)          | Included   | xck26-sfvc784-2LVI-i |
|                                    |                                |                              | Log not   | Controller         | (Rev.   |                       |            |                      |
|                                    |                                |                              | available |                    | 1)      |                       |            |                      |
+------------------------------------+--------------------------------+------------------------------+-----------+--------------------+---------+-----------------------+------------+----------------------+
| project_1_axi_dmac_1_0             | Incompatible IP data detected  | Upgrade IP                   | Change    | ADI AXI DMA        | 1.0     | 1.0 (Rev. 1)          | Included   | xck26-sfvc784-2LVI-i |
|                                    |                                |                              | Log not   | Controller         | (Rev.   |                       |            |                      |
|                                    |                                |                              | available |                    | 1)      |                       |            |                      |
+------------------------------------+--------------------------------+------------------------------+-----------+--------------------+---------+-----------------------+------------+----------------------+
| project_1_axi_gpio_0_0             | Up-to-date                     | No changes required          |  *(5)     | AXI GPIO           | 2.0     | 2.0 (Rev. 32)         | Included   | xck26-sfvc784-2LVI-i |
|                                    |                                |                              |           |                    | (Rev.   |                       |            |                      |
|                                    |                                |                              |           |                    | 32)     |                       |            |                      |
+------------------------------------+--------------------------------+------------------------------+-----------+--------------------+---------+-----------------------+------------+----------------------+
| project_1_axi_gpio_1_0             | Up-to-date                     | No changes required          |  *(6)     | AXI GPIO           | 2.0     | 2.0 (Rev. 32)         | Included   | xck26-sfvc784-2LVI-i |
|                                    |                                |                              |           |                    | (Rev.   |                       |            |                      |
|                                    |                                |                              |           |                    | 32)     |                       |            |                      |
+------------------------------------+--------------------------------+------------------------------+-----------+--------------------+---------+-----------------------+------------+----------------------+
| project_1_axi_gpio_1_1             | Up-to-date                     | No changes required          |  *(7)     | AXI GPIO           | 2.0     | 2.0 (Rev. 32)         | Included   | xck26-sfvc784-2LVI-i |
|                                    |                                |                              |           |                    | (Rev.   |                       |            |                      |
|                                    |                                |                              |           |                    | 32)     |                       |            |                      |
+------------------------------------+--------------------------------+------------------------------+-----------+--------------------+---------+-----------------------+------------+----------------------+
| project_1_axi_gpio_1_2             | Up-to-date                     | No changes required          |  *(8)     | AXI GPIO           | 2.0     | 2.0 (Rev. 32)         | Included   | xck26-sfvc784-2LVI-i |
|                                    |                                |                              |           |                    | (Rev.   |                       |            |                      |
|                                    |                                |                              |           |                    | 32)     |                       |            |                      |
+------------------------------------+--------------------------------+------------------------------+-----------+--------------------+---------+-----------------------+------------+----------------------+
| project_1_axi_gpio_2_0             | Up-to-date                     | No changes required          |  *(9)     | AXI GPIO           | 2.0     | 2.0 (Rev. 32)         | Included   | xck26-sfvc784-2LVI-i |
|                                    |                                |                              |           |                    | (Rev.   |                       |            |                      |
|                                    |                                |                              |           |                    | 32)     |                       |            |                      |
+------------------------------------+--------------------------------+------------------------------+-----------+--------------------+---------+-----------------------+------------+----------------------+
| project_1_axi_gpio_3_0             | Up-to-date                     | No changes required          |  *(10)    | AXI GPIO           | 2.0     | 2.0 (Rev. 32)         | Included   | xck26-sfvc784-2LVI-i |
|                                    |                                |                              |           |                    | (Rev.   |                       |            |                      |
|                                    |                                |                              |           |                    | 32)     |                       |            |                      |
+------------------------------------+--------------------------------+------------------------------+-----------+--------------------+---------+-----------------------+------------+----------------------+
| project_1_axi_interconnect_0_1     | Up-to-date                     | No changes required          |  *(11)    | AXI Interconnect   | 2.1     | 2.1 (Rev. 31)         | Included   | xck26-sfvc784-2LVI-i |
|                                    |                                |                              |           |                    | (Rev.   |                       |            |                      |
|                                    |                                |                              |           |                    | 31)     |                       |            |                      |
+------------------------------------+--------------------------------+------------------------------+-----------+--------------------+---------+-----------------------+------------+----------------------+
| project_1_axi_laser_current_ct_0_0 | Up-to-date                     | No changes required          | Change    | axi_laser_current_ | 1.0     | 1.0 (Rev. 5)          | Included   | xck26-sfvc784-2LVI-i |
|                                    |                                |                              | Log not   |                    | (Rev.   |                       |            |                      |
|                                    |                                |                              | available |                    | 5)      |                       |            |                      |
+------------------------------------+--------------------------------+------------------------------+-----------+--------------------+---------+-----------------------+------------+----------------------+
| project_1_axi_pam_image_acq_0_0    | Up-to-date                     | No changes required          | Change    | AXI PAM Image      | 1.0     | 1.0 (Rev. 1)          | Included   | xck26-sfvc784-2LVI-i |
|                                    |                                |                              | Log not   | Acquisition        | (Rev.   |                       |            |                      |
|                                    |                                |                              | available |                    | 1)      |                       |            |                      |
+------------------------------------+--------------------------------+------------------------------+-----------+--------------------+---------+-----------------------+------------+----------------------+
| project_1_axi_quad_spi_1_0         | Up-to-date                     | No changes required          |  *(12)    | AXI Quad SPI       | 3.2     | 3.2 (Rev. 29)         | Included   | xck26-sfvc784-2LVI-i |
|                                    |                                |                              |           |                    | (Rev.   |                       |            |                      |
|                                    |                                |                              |           |                    | 29)     |                       |            |                      |
+------------------------------------+--------------------------------+------------------------------+-----------+--------------------+---------+-----------------------+------------+----------------------+
| project_1_dual_ramp_generator_0_0  | Module reference is unresolved | Resolve module reference     | Change    | dual_ramp_generato | 1.0     | 1.0 (Rev. 1775665065) | Included   | xck26-sfvc784-2LVI-i |
|                                    |                                |                              | Log not   |                    | (Rev.   |                       |            |                      |
|                                    |                                |                              | available |                    | 1775665 |                       |            |                      |
+------------------------------------+--------------------------------+------------------------------+-----------+--------------------+---------+-----------------------+------------+----------------------+
| project_1_frame_capture_axis_t_0_3 | Module reference is unresolved | Resolve module reference     | Change    | frame_capture_axis | 1.0     | 1.0 (Rev. 1775243902) | Included   | xck26-sfvc784-2LVI-i |
|                                    |                                |                              | Log not   |                    | (Rev.   |                       |            |                      |
|                                    |                                |                              | available |                    | 1775243 |                       |            |                      |
+------------------------------------+--------------------------------+------------------------------+-----------+--------------------+---------+-----------------------+------------+----------------------+
| project_1_proc_sys_reset_0_0       | Up-to-date                     | No changes required          |  *(13)    | Processor System   | 5.0     | 5.0 (Rev. 14)         | Included   | xck26-sfvc784-2LVI-i |
|                                    |                                |                              |           | Reset              | (Rev.   |                       |            |                      |
|                                    |                                |                              |           |                    | 14)     |                       |            |                      |
+------------------------------------+--------------------------------+------------------------------+-----------+--------------------+---------+-----------------------+------------+----------------------+
| project_1_ps8_0_axi_periph_0       | Up-to-date                     | No changes required          |  *(14)    | AXI Interconnect   | 2.1     | 2.1 (Rev. 31)         | Included   | xck26-sfvc784-2LVI-i |
|                                    |                                |                              |           |                    | (Rev.   |                       |            |                      |
|                                    |                                |                              |           |                    | 31)     |                       |            |                      |
+------------------------------------+--------------------------------+------------------------------+-----------+--------------------+---------+-----------------------+------------+----------------------+
| project_1_rst_ps8_0_99M_0          | Up-to-date                     | No changes required          |  *(15)    | Processor System   | 5.0     | 5.0 (Rev. 14)         | Included   | xck26-sfvc784-2LVI-i |
|                                    |                                |                              |           | Reset              | (Rev.   |                       |            |                      |
|                                    |                                |                              |           |                    | 14)     |                       |            |                      |
+------------------------------------+--------------------------------+------------------------------+-----------+--------------------+---------+-----------------------+------------+----------------------+
| project_1_trigger_gen_fixed_0_0    | Module reference is unresolved | Resolve module reference     | Change    | trigger_gen_fixed_ | 1.0     | 1.0 (Rev. 1775251322) | Included   | xck26-sfvc784-2LVI-i |
|                                    |                                |                              | Log not   |                    | (Rev.   |                       |            |                      |
|                                    |                                |                              | available |                    | 1775251 |                       |            |                      |
+------------------------------------+--------------------------------+------------------------------+-----------+--------------------+---------+-----------------------+------------+----------------------+
| project_1_xlconcat_0_0             | Up-to-date                     | No changes required          |  *(16)    | Concat             | 2.1     | 2.1 (Rev. 5)          | Included   | xck26-sfvc784-2LVI-i |
|                                    |                                |                              |           |                    | (Rev.   |                       |            |                      |
|                                    |                                |                              |           |                    | 5)      |                       |            |                      |
+------------------------------------+--------------------------------+------------------------------+-----------+--------------------+---------+-----------------------+------------+----------------------+
| project_1_xlconstant_0_0           | Up-to-date                     | No changes required          |  *(17)    | Constant           | 1.1     | 1.1 (Rev. 8)          | Included   | xck26-sfvc784-2LVI-i |
|                                    |                                |                              |           |                    | (Rev.   |                       |            |                      |
|                                    |                                |                              |           |                    | 8)      |                       |            |                      |
+------------------------------------+--------------------------------+------------------------------+-----------+--------------------+---------+-----------------------+------------+----------------------+
| project_1_xlconstant_0_1           | Up-to-date                     | No changes required          |  *(18)    | Constant           | 1.1     | 1.1 (Rev. 8)          | Included   | xck26-sfvc784-2LVI-i |
|                                    |                                |                              |           |                    | (Rev.   |                       |            |                      |
|                                    |                                |                              |           |                    | 8)      |                       |            |                      |
+------------------------------------+--------------------------------+------------------------------+-----------+--------------------+---------+-----------------------+------------+----------------------+
| project_1_xlconstant_0_2           | Up-to-date                     | No changes required          |  *(19)    | Constant           | 1.1     | 1.1 (Rev. 8)          | Included   | xck26-sfvc784-2LVI-i |
|                                    |                                |                              |           |                    | (Rev.   |                       |            |                      |
|                                    |                                |                              |           |                    | 8)      |                       |            |                      |
+------------------------------------+--------------------------------+------------------------------+-----------+--------------------+---------+-----------------------+------------+----------------------+
| project_1_xlconstant_0_3           | Up-to-date                     | No changes required          |  *(20)    | Constant           | 1.1     | 1.1 (Rev. 8)          | Included   | xck26-sfvc784-2LVI-i |
|                                    |                                |                              |           |                    | (Rev.   |                       |            |                      |
|                                    |                                |                              |           |                    | 8)      |                       |            |                      |
+------------------------------------+--------------------------------+------------------------------+-----------+--------------------+---------+-----------------------+------------+----------------------+
| project_1_xlconstant_0_4           | Up-to-date                     | No changes required          |  *(21)    | Constant           | 1.1     | 1.1 (Rev. 8)          | Included   | xck26-sfvc784-2LVI-i |
|                                    |                                |                              |           |                    | (Rev.   |                       |            |                      |
|                                    |                                |                              |           |                    | 8)      |                       |            |                      |
+------------------------------------+--------------------------------+------------------------------+-----------+--------------------+---------+-----------------------+------------+----------------------+
| project_1_xlconstant_3_0           | Up-to-date                     | No changes required          |  *(22)    | Constant           | 1.1     | 1.1 (Rev. 8)          | Included   | xck26-sfvc784-2LVI-i |
|                                    |                                |                              |           |                    | (Rev.   |                       |            |                      |
|                                    |                                |                              |           |                    | 8)      |                       |            |                      |
+------------------------------------+--------------------------------+------------------------------+-----------+--------------------+---------+-----------------------+------------+----------------------+
| project_1_xlconstant_5_0           | Up-to-date                     | No changes required          |  *(23)    | Constant           | 1.1     | 1.1 (Rev. 8)          | Included   | xck26-sfvc784-2LVI-i |
|                                    |                                |                              |           |                    | (Rev.   |                       |            |                      |
|                                    |                                |                              |           |                    | 8)      |                       |            |                      |
+------------------------------------+--------------------------------+------------------------------+-----------+--------------------+---------+-----------------------+------------+----------------------+
| project_1_xlconstant_one_4_0       | Up-to-date                     | No changes required          |  *(24)    | Constant           | 1.1     | 1.1 (Rev. 8)          | Included   | xck26-sfvc784-2LVI-i |
|                                    |                                |                              |           |                    | (Rev.   |                       |            |                      |
|                                    |                                |                              |           |                    | 8)      |                       |            |                      |
+------------------------------------+--------------------------------+------------------------------+-----------+--------------------+---------+-----------------------+------------+----------------------+
| project_1_zynq_ultra_ps_e_0_0      | Up-to-date                     | No changes required          |  *(25)    | Zynq UltraScale+   | 3.5     | 3.5 (Rev. 2)          | Included   | xck26-sfvc784-2LVI-i |
|                                    |                                |                              |           | MPSoC              | (Rev.   |                       |            |                      |
|                                    |                                |                              |           |                    | 2)      |                       |            |                      |
+------------------------------------+--------------------------------+------------------------------+-----------+--------------------+---------+-----------------------+------------+----------------------+
*(1) /opt/pkg/Xilinx/Vivado/2023.2/data/ip/xilinx/axi_gpio_v2_0/doc/axi_gpio_v2_0_changelog.txt
*(2) /opt/pkg/Xilinx/Vivado/2023.2/data/ip/xilinx/axi_bram_ctrl_v4_1/doc/axi_bram_ctrl_v4_1_changelog.txt
*(3) /opt/pkg/Xilinx/Vivado/2023.2/data/ip/xilinx/axi_bram_ctrl_v4_1/doc/axi_bram_ctrl_v4_1_changelog.txt
*(4) /opt/pkg/Xilinx/Vivado/2023.2/data/ip/xilinx/axi_bram_ctrl_v4_1/doc/axi_bram_ctrl_v4_1_changelog.txt
*(5) /opt/pkg/Xilinx/Vivado/2023.2/data/ip/xilinx/axi_gpio_v2_0/doc/axi_gpio_v2_0_changelog.txt
*(6) /opt/pkg/Xilinx/Vivado/2023.2/data/ip/xilinx/axi_gpio_v2_0/doc/axi_gpio_v2_0_changelog.txt
*(7) /opt/pkg/Xilinx/Vivado/2023.2/data/ip/xilinx/axi_gpio_v2_0/doc/axi_gpio_v2_0_changelog.txt
*(8) /opt/pkg/Xilinx/Vivado/2023.2/data/ip/xilinx/axi_gpio_v2_0/doc/axi_gpio_v2_0_changelog.txt
*(9) /opt/pkg/Xilinx/Vivado/2023.2/data/ip/xilinx/axi_gpio_v2_0/doc/axi_gpio_v2_0_changelog.txt
*(10) /opt/pkg/Xilinx/Vivado/2023.2/data/ip/xilinx/axi_gpio_v2_0/doc/axi_gpio_v2_0_changelog.txt
*(11) /opt/pkg/Xilinx/Vivado/2023.2/data/ip/xilinx/axi_interconnect_v2_1/doc/axi_interconnect_v2_1_changelog.txt
*(12) /opt/pkg/Xilinx/Vivado/2023.2/data/ip/xilinx/axi_quad_spi_v3_2/doc/axi_quad_spi_v3_2_changelog.txt
*(13) /opt/pkg/Xilinx/Vivado/2023.2/data/ip/xilinx/proc_sys_reset_v5_0/doc/proc_sys_reset_v5_0_changelog.txt
*(14) /opt/pkg/Xilinx/Vivado/2023.2/data/ip/xilinx/axi_interconnect_v2_1/doc/axi_interconnect_v2_1_changelog.txt
*(15) /opt/pkg/Xilinx/Vivado/2023.2/data/ip/xilinx/proc_sys_reset_v5_0/doc/proc_sys_reset_v5_0_changelog.txt
*(16) /opt/pkg/Xilinx/Vivado/2023.2/data/ip/xilinx/xlconcat_v2_1/doc/xlconcat_v2_1_changelog.txt
*(17) /opt/pkg/Xilinx/Vivado/2023.2/data/ip/xilinx/xlconstant_v1_1/doc/xlconstant_v1_1_changelog.txt
*(18) /opt/pkg/Xilinx/Vivado/2023.2/data/ip/xilinx/xlconstant_v1_1/doc/xlconstant_v1_1_changelog.txt
*(19) /opt/pkg/Xilinx/Vivado/2023.2/data/ip/xilinx/xlconstant_v1_1/doc/xlconstant_v1_1_changelog.txt
*(20) /opt/pkg/Xilinx/Vivado/2023.2/data/ip/xilinx/xlconstant_v1_1/doc/xlconstant_v1_1_changelog.txt
*(21) /opt/pkg/Xilinx/Vivado/2023.2/data/ip/xilinx/xlconstant_v1_1/doc/xlconstant_v1_1_changelog.txt
*(22) /opt/pkg/Xilinx/Vivado/2023.2/data/ip/xilinx/xlconstant_v1_1/doc/xlconstant_v1_1_changelog.txt
*(23) /opt/pkg/Xilinx/Vivado/2023.2/data/ip/xilinx/xlconstant_v1_1/doc/xlconstant_v1_1_changelog.txt
*(24) /opt/pkg/Xilinx/Vivado/2023.2/data/ip/xilinx/xlconstant_v1_1/doc/xlconstant_v1_1_changelog.txt
*(25) /opt/pkg/Xilinx/Vivado/2023.2/data/ip/xilinx/zynq_ultra_ps_e_v3_5/doc/zynq_ultra_ps_e_v3_5_changelog.txt


