Copyright 1986-2022 Xilinx, Inc. All Rights Reserved. Copyright 2022-2024 Advanced Micro Devices, Inc. All Rights Reserved.
-------------------------------------------------------------------------------------------------------------------------------------------------------------------------------------------------------------------------------------------------------
| Tool Version : Vivado v.2023.2.2 (lin64) Build 4126759 Thu Feb  8 23:52:05 MST 2024
| Date         : Fri Jun 26 22:53:23 2026
| Host         : qian-MS-7E25 running 64-bit Ubuntu 22.04.5 LTS
| Command      : report_design_analysis -timing -logic_level_distribution -congestion -file /home/qian/Portable_System_Project/Butterfly_Laser_Driver/milestones/vivado_warning_cleanup_20260626_180839/timing_debug_latest/design_analysis_timing.rpt
| Design       : design_top
| Device       : xck26
| Design State : Routed
-------------------------------------------------------------------------------------------------------------------------------------------------------------------------------------------------------------------------------------------------------

Report Design Analysis

Table of Contents
-----------------
1. Setup Path Characteristics 1-1
2. Logic Level Distribution
3. Placer Final Level Congestion Reporting
4. Router Initial Congestion
5. SLR Net Crossing Reporting

1. Setup Path Characteristics 1-1
---------------------------------

+---------------------------+---------------------------------------------------------------------------------------------------------------------------------------------------------------------------------------------------------------------------------------------------------------------------------------------------------------------------------------------------------------------------------------------------------------------------------------------------------------------------------------+
|      Characteristics      |                                                                                                                                                                                                                                        Path #1                                                                                                                                                                                                                                        |
+---------------------------+---------------------------------------------------------------------------------------------------------------------------------------------------------------------------------------------------------------------------------------------------------------------------------------------------------------------------------------------------------------------------------------------------------------------------------------------------------------------------------------+
| Requirement               | 10.000                                                                                                                                                                                                                                                                                                                                                                                                                                                                                |
| Path Delay                | 14.860                                                                                                                                                                                                                                                                                                                                                                                                                                                                                |
| Logic Delay               | 8.306(56%)                                                                                                                                                                                                                                                                                                                                                                                                                                                                            |
| Net Delay                 | 6.554(44%)                                                                                                                                                                                                                                                                                                                                                                                                                                                                            |
| Clock Skew                | -0.085                                                                                                                                                                                                                                                                                                                                                                                                                                                                                |
| Slack                     | -5.028                                                                                                                                                                                                                                                                                                                                                                                                                                                                                |
| Clock Uncertainty         | 0.130                                                                                                                                                                                                                                                                                                                                                                                                                                                                                 |
| Clock Relationship        | Safely Timed                                                                                                                                                                                                                                                                                                                                                                                                                                                                          |
| Clock Delay Group         | Same Clock                                                                                                                                                                                                                                                                                                                                                                                                                                                                            |
| Logic Levels              | 47                                                                                                                                                                                                                                                                                                                                                                                                                                                                                    |
| Routes                    | 21                                                                                                                                                                                                                                                                                                                                                                                                                                                                                    |
| Logical Path              | FDRE/C-(11)-LUT2-(1)-CARRY8-(1)-CARRY8-LUT1-(1)-CARRY8-(4)-LUT4-(1)-CARRY8-(1)-CARRY8-CARRY8-LUT4-(1)-CARRY8-(64)-LUT5-(2)-DSP_A_B_DATA-(1)-DSP_PREADD_DATA-DSP_MULTIPLIER-DSP_M_DATA-DSP_ALU-DSP_OUTPUT-DSP_ALU-DSP_OUTPUT-LUT2-(1)-CARRY8-(1)-CARRY8-LUT3-(2)-LUT4-(1)-CARRY8-(1)-CARRY8-CARRY8-LUT2-(1)-CARRY8-(127)-LUT6-(1)-CARRY8-(1)-CARRY8-LUT6-(67)-LUT5-(5)-LUT4-(1)-CARRY8-(1)-CARRY8-LUT3-(47)-LUT6-(1)-CARRY8-(1)-CARRY8-CARRY8-CARRY8-LUT6-(2)-LUT3-(2)-LUT5-(2)-FDRE/D |
| Start Point Clock         | clk_pl_0                                                                                                                                                                                                                                                                                                                                                                                                                                                                              |
| End Point Clock           | clk_pl_0                                                                                                                                                                                                                                                                                                                                                                                                                                                                              |
| DSP Block                 | Comb                                                                                                                                                                                                                                                                                                                                                                                                                                                                                  |
| RAM Registers             | None-None                                                                                                                                                                                                                                                                                                                                                                                                                                                                             |
| IO Crossings              | 0                                                                                                                                                                                                                                                                                                                                                                                                                                                                                     |
| SLR Crossings             | 0                                                                                                                                                                                                                                                                                                                                                                                                                                                                                     |
| PBlocks                   | 0                                                                                                                                                                                                                                                                                                                                                                                                                                                                                     |
| High Fanout               | 127                                                                                                                                                                                                                                                                                                                                                                                                                                                                                   |
| Dont Touch                | 0                                                                                                                                                                                                                                                                                                                                                                                                                                                                                     |
| Mark Debug                | 0                                                                                                                                                                                                                                                                                                                                                                                                                                                                                     |
| Start Point Pin Primitive | FDRE/C                                                                                                                                                                                                                                                                                                                                                                                                                                                                                |
| End Point Pin Primitive   | FDRE/D                                                                                                                                                                                                                                                                                                                                                                                                                                                                                |
| Start Point Pin           | monitor_avg_reg[7]/C                                                                                                                                                                                                                                                                                                                                                                                                                                                                  |
| End Point Pin             | req_ch1_code[13]_i_1_psdsp/D                                                                                                                                                                                                                                                                                                                                                                                                                                                          |
+---------------------------+---------------------------------------------------------------------------------------------------------------------------------------------------------------------------------------------------------------------------------------------------------------------------------------------------------------------------------------------------------------------------------------------------------------------------------------------------------------------------------------+
* Bounding box calculated as % of dimensions for the target device (2818, 498)


2. Logic Level Distribution
---------------------------

+---------------------+-------------+----+----+---+---+----+----+-----+----+----+----+----+----+----+----+----+----+----+----+----+----+----+----+----+----+----+----+
|   End Point Clock   | Requirement |  2 |  3 | 4 | 8 |  9 | 10 |  11 | 12 | 13 | 14 | 16 | 17 | 18 | 19 | 20 | 21 | 22 | 24 | 25 | 41 | 42 | 44 | 45 | 46 | 47 | 48 |
+---------------------+-------------+----+----+---+---+----+----+-----+----+----+----+----+----+----+----+----+----+----+----+----+----+----+----+----+----+----+----+
| AXI_ADA4355_adc_clk | 8.000ns     |  0 |  0 | 0 | 3 | 19 |  0 |   0 |  0 |  0 |  0 |  0 | 74 | 46 |  4 |  1 | 31 |  0 |  0 |  0 |  0 |  0 |  0 |  0 |  0 |  0 |  0 |
| clk_pl_0            | 10.000ns    |  0 |  0 | 0 | 0 | 20 | 79 | 137 | 46 | 84 | 11 | 16 |  0 |  0 | 12 | 16 | 16 | 56 | 69 | 33 | 56 | 27 |  2 | 16 | 20 | 18 | 10 |
| mmcm_clk_0_s        | 1.667ns     | 17 | 57 | 4 | 0 |  0 |  0 |   0 |  0 |  0 |  0 |  0 |  0 |  0 |  0 |  0 |  0 |  0 |  0 |  0 |  0 |  0 |  0 |  0 |  0 |  0 |  0 |
+---------------------+-------------+----+----+---+---+----+----+-----+----+----+----+----+----+----+----+----+----+----+----+----+----+----+----+----+----+----+----+
* Columns represent the logic levels per end point clock
** Distribution is for top worst 1000 paths


3. Placer Final Level Congestion Reporting
------------------------------------------

+-----------+------+-------+--------+---------------+---------------+-----+--------+------+------+------+------+-----+-------+-----+------------+
| Direction | Type | Level | Window | Combined LUTs | Avg LUT Input | LUT | LUTRAM | Flop | MUXF | RAMB | URAM | DSP | CARRY | SRL | Cell Names |
+-----------+------+-------+--------+---------------+---------------+-----+--------+------+------+------+------+-----+-------+-----+------------+
* No congestion windows are found above level 5


4. Router Initial Congestion
----------------------------

+-----------+------+-------+--------+---------------+---------------+-----+--------+------+------+------+------+-----+-------+-----+------------+-------------+
| Direction | Type | Level | Window | Combined LUTs | Avg LUT Input | LUT | LUTRAM | Flop | MUXF | RAMB | URAM | DSP | CARRY | SRL | Cell Names | Sub Windows |
+-----------+------+-------+--------+---------------+---------------+-----+--------+------+------+------+------+-----+-------+-----+------------+-------------+
* No effective congestion windows are found above level 5


5. SLR Net Crossing Reporting
-----------------------------

+------------+-----------------------------+
| Cell Names | Number of Nets crossing SLR |
+------------+-----------------------------+
* The current part is not an SSI device


