Copyright 1986-2022 Xilinx, Inc. All Rights Reserved. Copyright 2022-2024 Advanced Micro Devices, Inc. All Rights Reserved.
------------------------------------------------------------------------------------------------------------------------------------------------------------------------------------------------------------------
| Tool Version      : Vivado v.2023.2.2 (lin64) Build 4126759 Thu Feb  8 23:52:05 MST 2024
| Date              : Sat Jun 27 08:00:20 2026
| Host              : qian-MS-7E25 running 64-bit Ubuntu 22.04.5 LTS
| Command           : report_clock_interaction -file /home/qian/Portable_System_Project/Butterfly_Laser_Driver/milestones/vivado_warning_cleanup_20260626_180839/timing_methodology_details/clock_interaction.rpt
| Design            : design_top
| Device            : xck26-sfvc784
| Speed File        : -2LVI  PRODUCTION 1.30 05-15-2022
| Design State      : Physopt postRoute
| Temperature Grade : I
------------------------------------------------------------------------------------------------------------------------------------------------------------------------------------------------------------------

Clock Interaction Report

Clock Interaction Table
-----------------------

                                                                                                                                                                                                          WNS                            TNS Failing  TNS Total    WNS Path         Clock-Pair           Inter-Clock              
From Clock                                                                                           To Clock                                                                                             Clock Edges  WNS(ns)  TNS(ns)    Endpoints    Endpoints  Requirement(ns)  Classification       Constraints              
---------------------------------------------------------------------------------------------------  ---------------------------------------------------------------------------------------------------  -----------  -------  -------  -----------  -----------  ---------------  -------------------  -----------------------  
AXI_ADA4355_adc_clk                                                                                  AXI_ADA4355_adc_clk                                                                                  rise - rise     0.01     0.00            0         8073             8.00  Clean                Partial False Path       
AXI_ADA4355_adc_clk                                                                                  clk_pl_0                                                                                                                                      0         1088                   Ignored              Asynchronous Groups      
ada4355_dco_DIV4_INV                                                                                 AXI_ADA4355_adc_clk                                                                                  fall - rise     5.39     0.00            0           24             8.00  Clean                Timed                    
clk_pl_0                                                                                             AXI_ADA4355_adc_clk                                                                                                                           0         2939                   Ignored              Asynchronous Groups      
clk_pl_0                                                                                             clk_pl_0                                                                                             rise - rise     0.11     0.00            0        66759            10.00  Clean                Partial False Path       
clk_pl_0                                                                                             clk_pl_1                                                                                                                                      0            3                   Ignored              False Path               
clk_pl_0                                                                                             dbg_hub/inst/BSCANID.u_xsdbm_id/SWITCH_N_EXT_BSCAN.bscan_inst/SERIES7_BSCAN.bscan_inst/INTERNAL_TCK  rise - rise     9.10     0.00            0          102            10.00  Ignored              Max Delay Datapath Only  
clk_pl_0                                                                                             mmcm_clk_0_s                                                                                         rise - rise     0.26     0.00            0          616             1.67  Clean                Partial False Path       
clk_pl_1                                                                                             clk_pl_1                                                                                             rise - rise     0.70     0.00            0            6             3.33  Clean                Timed                    
dbg_hub/inst/BSCANID.u_xsdbm_id/SWITCH_N_EXT_BSCAN.bscan_inst/SERIES7_BSCAN.bscan_inst/INTERNAL_TCK  clk_pl_0                                                                                             rise - rise    48.97     0.00            0           86            50.00  Ignored              Max Delay Datapath Only  
dbg_hub/inst/BSCANID.u_xsdbm_id/SWITCH_N_EXT_BSCAN.bscan_inst/SERIES7_BSCAN.bscan_inst/INTERNAL_TCK  dbg_hub/inst/BSCANID.u_xsdbm_id/SWITCH_N_EXT_BSCAN.bscan_inst/SERIES7_BSCAN.bscan_inst/INTERNAL_TCK  rise - fall    13.63     0.00            0         1092            25.00  Clean                Timed                    
mmcm_clk_0_s                                                                                         clk_pl_0                                                                                             rise - rise     7.34     0.00            0          162             8.33  Ignored              Max Delay Datapath Only  
mmcm_clk_0_s                                                                                         mmcm_clk_0_s                                                                                         rise - rise     2.41     0.00            0        10508             8.33  Clean                Timed                    


