Copyright 1986-2022 Xilinx, Inc. All Rights Reserved. Copyright 2022-2024 Advanced Micro Devices, Inc. All Rights Reserved.
----------------------------------------------------------------------------------------------------------------------------------------------------------------------------------------------------
| Tool Version      : Vivado v.2023.2.2 (lin64) Build 4126759 Thu Feb  8 23:52:05 MST 2024
| Date              : Sat Jun 27 08:00:23 2026
| Host              : qian-MS-7E25 running 64-bit Ubuntu 22.04.5 LTS
| Command           : report_exceptions -file /home/qian/Portable_System_Project/Butterfly_Laser_Driver/milestones/vivado_warning_cleanup_20260626_180839/timing_methodology_details/exceptions.rpt
| Design            : design_top
| Device            : xck26-sfvc784
| Speed File        : -2LVI  PRODUCTION 1.30 05-15-2022
| Design State      : Physopt postRoute
| Temperature Grade : I
----------------------------------------------------------------------------------------------------------------------------------------------------------------------------------------------------

Exceptions Report

Position  From                                                                              Through                                                                           To                                                                                Setup           Hold            Status                            
--------  --------------------------------------------------------------------------------  --------------------------------------------------------------------------------  --------------------------------------------------------------------------------  --------------  --------------  ----------------------------------
4         *                                                                                 *                                                                                 [get_pins -hierarchical *rst_sync_reg/PRE]                                        false           false           Partially overridden path by CG 46
5         *                                                                                 *                                                                                 [get_pins -hierarchical *rst_async_d1_reg/PRE]                                    false           false           Partially overridden path by CG 46
6         *                                                                                 *                                                                                 [get_pins -hierarchical *rst_async_d2_reg/PRE]                                    false           false           Partially overridden path by CG 46
13        [get_cells -hier -filter {name =~ *d_xfer_toggle_reg   && IS_SEQUENTIAL}]         *                                                                                 [get_cells -hier -filter {name =~ *up_xfer_state_m1_reg   && IS_SEQUENTIAL}]      false           false           
14        [get_cells -hier -filter {name =~ *up_xfer_toggle_reg  && IS_SEQUENTIAL}]         *                                                                                 [get_cells -hier -filter {name =~ *d_xfer_toggle_m1_reg   && IS_SEQUENTIAL}]      false           false           
15        [get_cells -hier -filter {name =~ *up_xfer_data*       && IS_SEQUENTIAL}]         *                                                                                 [get_cells -hier -filter {name =~ *d_data_cntrl*          && IS_SEQUENTIAL}]      false           false           
16        *                                                                                 *                                                                                 [get_pins -hierarchical *rst_sync_reg/PRE]                                        false           false           
17        *                                                                                 *                                                                                 [get_pins -hierarchical *rst_async_d1_reg/PRE]                                    false           false           
18        *                                                                                 *                                                                                 [get_pins -hierarchical *rst_async_d2_reg/PRE]                                    false           false           
19        [get_cells -hier -filter {name =~ *d_xfer_toggle_reg   && IS_SEQUENTIAL}]         *                                                                                 [get_cells -hier -filter {name =~ *up_xfer_toggle_m1_reg  && IS_SEQUENTIAL}]      false           false           
20        [get_cells -hier -filter {name =~ *up_xfer_toggle_reg  && IS_SEQUENTIAL}]         *                                                                                 [get_cells -hier -filter {name =~ *d_xfer_state_m1_reg    && IS_SEQUENTIAL}]      false           false           
21        [get_cells -hier -filter {name =~ *d_xfer_data*        && IS_SEQUENTIAL}]         *                                                                                 [get_cells -hier -filter {name =~ *up_data_status*        && IS_SEQUENTIAL}]      false           false           
22        [get_cells -hierarchical -filter {name =~ *d_count_run_m3_reg*  && IS_SEQUENTIAL  *                                                                                 [get_cells -hierarchical -filter {name =~ *up_count_running_m1_reg* && IS_SEQUEN  false           false           
          }]                                                                                                                                                                  TIAL}]                                                                                                            
23        [get_cells -hierarchical -filter {name =~ *up_count_run_reg*    && IS_SEQUENTIAL  *                                                                                 [get_cells -hierarchical -filter {name =~ *d_count_run_m1_reg* && IS_SEQUENTIAL}  false           false           
          }]                                                                                                                                                                  ]                                                                                                                 
24        [get_cells -hierarchical -filter {name =~ *d_count_reg*         && IS_SEQUENTIAL  *                                                                                 [get_cells -hierarchical -filter {name =~ *up_d_count_reg* && IS_SEQUENTIAL}]     false           false           
          }]                                                                                                                                                                                                                                                                                    
25        *                                                                                 *                                                                                 [get_pins -hier *cdc_to*/D]                                                       false           false           
26        *                                                                                 *                                                                                 [get_pins -hier *cdc_to*/D]                                                       false           false           Invalid endpoint                  
30        *                                                                                 *                                                                                 [get_pins -hier *cdc_to*/D]                                                       false           false           
31        *                                                                                 *                                                                                 [get_pins -hier *cdc_to*/D]                                                       false           false           
32        [get_cells -hierarchical -filter {name =~ *d_count_run_m3_reg*  && IS_SEQUENTIAL  *                                                                                 [get_cells -hierarchical -filter {name =~ *up_count_running_m1_reg* && IS_SEQUEN  false           false           
          }]                                                                                                                                                                  TIAL}]                                                                                                            
33        [get_cells -hierarchical -filter {name =~ *up_count_run_reg*    && IS_SEQUENTIAL  *                                                                                 [get_cells -hierarchical -filter {name =~ *d_count_run_m1_reg* && IS_SEQUENTIAL}  false           false           
          }]                                                                                                                                                                  ]                                                                                                                 
34        [get_cells -hierarchical -filter {name =~ *d_count_reg*         && IS_SEQUENTIAL  *                                                                                 [get_cells -hierarchical -filter {name =~ *up_d_count_reg* && IS_SEQUENTIAL}]     false           false           
          }]                                                                                                                                                                                                                                                                                    
35        [get_cells -hier -filter {name =~ *d_xfer_toggle_reg   && IS_SEQUENTIAL}]         *                                                                                 [get_cells -hier -filter {name =~ *up_xfer_toggle_m1_reg  && IS_SEQUENTIAL}]      false           false           
36        [get_cells -hier -filter {name =~ *up_xfer_toggle_reg  && IS_SEQUENTIAL}]         *                                                                                 [get_cells -hier -filter {name =~ *d_xfer_state_m1_reg    && IS_SEQUENTIAL}]      false           false           
37        [get_cells -hier -filter {name =~ *d_xfer_data*        && IS_SEQUENTIAL}]         *                                                                                 [get_cells -hier -filter {name =~ *up_data_status*        && IS_SEQUENTIAL}]      false           false           
38        *                                                                                 *                                                                                 [get_pins -hierarchical *rst_sync_reg/PRE]                                        false           false           
39        *                                                                                 *                                                                                 [get_pins -hierarchical *rst_async_d1_reg/PRE]                                    false           false           
40        *                                                                                 *                                                                                 [get_pins -hierarchical *rst_async_d2_reg/PRE]                                    false           false           
41        [get_cells -hier -filter {name =~ *d_xfer_toggle_reg   && IS_SEQUENTIAL}]         *                                                                                 [get_cells -hier -filter {name =~ *up_xfer_state_m1_reg   && IS_SEQUENTIAL}]      false           false           
42        [get_cells -hier -filter {name =~ *up_xfer_toggle_reg  && IS_SEQUENTIAL}]         *                                                                                 [get_cells -hier -filter {name =~ *d_xfer_toggle_m1_reg   && IS_SEQUENTIAL}]      false           false           
43        [get_cells -hier -filter {name =~ *up_xfer_data*       && IS_SEQUENTIAL}]         *                                                                                 [get_cells -hier -filter {name =~ *d_data_cntrl*          && IS_SEQUENTIAL}]      false           false           
44        *                                                                                 *                                                                                 [get_pins -hier *cdc_to*/D]                                                       false           false           Invalid endpoint                  
47        [get_clocks -of_objects [get_ports -scoped_to_current_instance -quiet {fifo_rd_c  *                                                                                 [get_cells -hier *cdc_sync_stage1_reg* -filter {NAME =~ *i_sync_req_response_id*  max_dpo=8.333   -               
          lk m_axis_aclk m_dest_axi_aclk}]]                                                                                                                                    && IS_SEQUENTIAL}]                                                                                               
48        [get_clocks -of_objects [get_ports -scoped_to_current_instance -quiet {fifo_rd_c  *                                                                                 [get_cells -quiet -hier *cdc_sync_stage1_reg* -filter {NAME =~ *i_sync_status_de  false           false           
          lk m_axis_aclk m_dest_axi_aclk}]]                                                                                                                                   st* && IS_SEQUENTIAL}]                                                                                            
49        [get_clocks -of_objects [get_ports -scoped_to_current_instance -quiet {s_axi_acl  *                                                                                 [get_cells -quiet -hier *cdc_sync_stage1_reg* -filter {NAME =~ *i_sync_control_d  false           false           
          k fifo_wr_clk s_axis_aclk m_src_axi_aclk}]]                                                                                                                         est* && IS_SEQUENTIAL}]                                                                                           
50        [get_clocks -of_objects [get_ports -scoped_to_current_instance -quiet {fifo_rd_c  *                                                                                 [get_cells -quiet -hier *cdc_sync_stage1_reg* -filter {NAME =~ *i_dest_response_  max_dpo=8.333   -               
          lk m_axis_aclk m_dest_axi_aclk}]]                                                                                                                                   fifo/zerodeep.i_waddr_sync* && IS_SEQUENTIAL}]                                                                    
51        [get_clocks -of_objects [get_ports -scoped_to_current_instance -quiet {s_axi_acl  *                                                                                 [get_cells -quiet -hier *cdc_sync_stage1_reg* -filter {NAME =~ *i_dest_response_  max_dpo=10      -               
          k fifo_wr_clk s_axis_aclk m_src_axi_aclk}]]                                                                                                                         fifo/zerodeep.i_raddr_sync* && IS_SEQUENTIAL}]                                                                    
52        [get_cells -quiet -hier *cdc_sync_fifo_ram_reg* -filter {NAME =~ *i_dest_respons  *                                                                                 [get_clocks -of_objects [get_ports -scoped_to_current_instance -quiet {s_axi_acl  max_dpo=10      -               
          e_fifo* && IS_SEQUENTIAL}]                                                                                                                                          k fifo_wr_clk s_axis_aclk m_src_axi_aclk}]]                                                                       
53        [get_clocks -of_objects [get_ports -scoped_to_current_instance -quiet {fifo_wr_c  *                                                                                 [get_cells -quiet -hier *cdc_sync_stage1_reg* -filter {NAME =~ *i_store_and_forw  max_dpo=10      -               
          lk s_axis_aclk m_src_axi_aclk s_axi_aclk}]]                                                                                                                         ard/i_dest_sync_id* && IS_SEQUENTIAL}]                                                                            
54        [get_clocks -of_objects [get_ports -scoped_to_current_instance -quiet {fifo_rd_c  *                                                                                 [get_cells -quiet -hier *cdc_sync_stage1_reg* -filter {NAME =~ *i_store_and_forw  max_dpo=8.333   -               
          lk m_axis_aclk m_dest_axi_aclk}]]                                                                                                                                   ard/i_src_sync_id* && IS_SEQUENTIAL}]                                                                             
55        [get_clocks -of_objects [get_ports -scoped_to_current_instance -quiet {fifo_wr_c  [get_cells -quiet -hier -filter {IS_SEQUENTIAL && NAME =~ *i_store_and_forward/b  [get_clocks -of_objects [get_ports -scoped_to_current_instance -quiet {fifo_rd_c  max_dpo=8.333   -               
          lk s_axis_aclk m_src_axi_aclk s_axi_aclk}]]                                       urst_len_mem_reg*}]                                                               lk m_axis_aclk m_dest_axi_aclk}]]                                                                                 
56        [get_clocks -of_objects [get_ports -scoped_to_current_instance -quiet {fifo_wr_c  *                                                                                 [get_cells -quiet -hier *cdc_sync_stage1_reg* -filter {NAME =~ *i_dest_req_fifo/  max_dpo=10      -               
          lk s_axis_aclk m_src_axi_aclk s_axi_aclk}]]                                                                                                                         zerodeep.i_waddr_sync* && IS_SEQUENTIAL}]                                                                         
57        [get_clocks -of_objects [get_ports -scoped_to_current_instance -quiet {fifo_rd_c  *                                                                                 [get_cells -quiet -hier *cdc_sync_stage1_reg* -filter {NAME =~ *i_dest_req_fifo/  max_dpo=8.333   -               
          lk m_axis_aclk m_dest_axi_aclk}]]                                                                                                                                   zerodeep.i_raddr_sync* && IS_SEQUENTIAL}]                                                                         
59        [get_clocks -of_objects [get_ports -scoped_to_current_instance -quiet {fifo_wr_c  [get_cells -quiet -hier DP -filter {NAME =~ *i_request_arb/eot_mem_dest_reg*}]    [get_clocks -of_objects [get_ports -scoped_to_current_instance -quiet {fifo_rd_c  max_dpo=8.333   -               
          lk s_axis_aclk m_src_axi_aclk s_axi_aclk}]]                                                                                                                         lk m_axis_aclk m_dest_axi_aclk}]]                                                                                 
60        [get_cells -quiet -hier *do_reset_reg* -filter {NAME =~ *i_reset_manager* && IS_  *                                                                                 [get_pins -quiet -hier *reset_async_reg*/PRE]                                     false           false           
          SEQUENTIAL}]                                                                                                                                                                                                                                                                          
61        [get_cells -quiet -hier {*reset_async_reg[0]} -filter {NAME =~ *i_reset_manager*  *                                                                                 [get_cells -quiet -hier {*reset_async_reg[3]*} -filter {NAME =~ *i_reset_manager  false           false           
           && IS_SEQUENTIAL}]                                                                                                                                                 * && IS_SEQUENTIAL}]                                                                                              
62        [get_cells -quiet -hier {*reset_async_reg[0]} -filter {NAME =~ *i_reset_manager*  *                                                                                 [get_pins -quiet -hier *reset_sync_in_reg*/PRE -filter {NAME =~ *i_reset_manager  false           false           
           && IS_SEQUENTIAL}]                                                                                                                                                 *}]                                                                                                               
63        [get_cells -quiet -hier {*reset_sync_reg[0]} -filter {NAME =~ *i_reset_manager*   *                                                                                 [get_pins -quiet -hier *reset_sync_in_reg*/PRE -filter {NAME =~ *i_reset_manager  false           false           
          && IS_SEQUENTIAL}]                                                                                                                                                  *}]                                                                                                               
64        [get_cells -quiet -hier *cdc_sync_stage2_reg* -filter {name =~ *i_dest_sync_id*   *                                                                                 [get_cells -quiet -hier *up_rdata_reg* -filter IS_SEQUENTIAL]                     false           false           
          && IS_SEQUENTIAL}]                                                                                                                                                                                                                                                                    
65        [get_cells -quiet -hier *id_reg* -filter {name =~ *i_request_arb* && IS_SEQUENTI  *                                                                                 [get_cells -quiet -hier *up_rdata_reg* -filter IS_SEQUENTIAL]                     false           false           
          AL}]                                                                                                                                                                                                                                                                                  
66        [get_cells -quiet -hier *address_reg* -filter {name =~ *i_addr_gen* && IS_SEQUEN  *                                                                                 [get_cells -quiet -hier *up_rdata_reg* -filter IS_SEQUENTIAL]                     false           false           
          TIAL}]                                                                                                                                                                                                                                                                                
67        [get_cells -quiet -hier *reset_sync_reg* -filter {name =~ *i_reset_manager* && I  *                                                                                 [get_cells -quiet -hier *up_rdata_reg* -filter IS_SEQUENTIAL]                     false           false           
          S_SEQUENTIAL}]                                                                                                                                                                                                                                                                        
68        *                                                                                 *                                                                                 [get_cells -quiet -hierarchical -filter {NAME =~ *i_enable_sync/cdc_sync_stage1_  false           false           Partially overridden path by CG 46
                                                                                                                                                                              reg* && IS_SEQUENTIAL}]                                                                                           
69        [get_cells -quiet -hier *do_reset_reg* -filter {NAME =~ *i_reset_manager* && IS_  *                                                                                 [get_pins -quiet -hier *reset_async_reg*/PRE]                                     false           false           
          SEQUENTIAL}]                                                                                                                                                                                                                                                                          
71        [get_cells -quiet -hier {*reset_async_reg[0]} -filter {NAME =~ *i_reset_manager*  *                                                                                 [get_pins -quiet -hier *reset_sync_in_reg*/PRE -filter {NAME =~ *i_reset_manager  false           false           
           && IS_SEQUENTIAL}]                                                                                                                                                 *}]                                                                                                               
73        [get_cells -quiet -hier *id_reg* -filter {name =~ *i_request_arb* && IS_SEQUENTI  *                                                                                 [get_cells -quiet -hier *up_rdata_reg* -filter IS_SEQUENTIAL]                     false           false           
          AL}]                                                                                                                                                                                                                                                                                  
74        [get_cells -quiet -hier *address_reg* -filter {name =~ *i_addr_gen* && IS_SEQUEN  *                                                                                 [get_cells -quiet -hier *up_rdata_reg* -filter IS_SEQUENTIAL]                     false           false           
          TIAL}]                                                                                                                                                                                                                                                                                
75        [get_cells -quiet -hier *reset_sync_reg* -filter {name =~ *i_reset_manager* && I  *                                                                                 [get_cells -quiet -hier *up_rdata_reg* -filter IS_SEQUENTIAL]                     false           false           
          S_SEQUENTIAL}]                                                                                                                                                                                                                                                                        
76        [get_clocks -of_objects [get_ports -scoped_to_current_instance -quiet {fifo_rd_c  *                                                                                 [get_cells -hier *cdc_sync_stage1_reg* -filter {NAME =~ *i_sync_req_response_id*  max_dpo=8.333   -               
          lk m_axis_aclk m_dest_axi_aclk}]]                                                                                                                                    && IS_SEQUENTIAL}]                                                                                               
77        [get_clocks -of_objects [get_ports -scoped_to_current_instance -quiet {fifo_rd_c  *                                                                                 [get_cells -quiet -hier *cdc_sync_stage1_reg* -filter {NAME =~ *i_sync_status_de  false           false           
          lk m_axis_aclk m_dest_axi_aclk}]]                                                                                                                                   st* && IS_SEQUENTIAL}]                                                                                            
78        [get_clocks -of_objects [get_ports -scoped_to_current_instance -quiet {s_axi_acl  *                                                                                 [get_cells -quiet -hier *cdc_sync_stage1_reg* -filter {NAME =~ *i_sync_control_d  false           false           
          k fifo_wr_clk s_axis_aclk m_src_axi_aclk}]]                                                                                                                         est* && IS_SEQUENTIAL}]                                                                                           
79        [get_clocks -of_objects [get_ports -scoped_to_current_instance -quiet {fifo_rd_c  *                                                                                 [get_cells -quiet -hier *cdc_sync_stage1_reg* -filter {NAME =~ *i_dest_response_  max_dpo=8.333   -               
          lk m_axis_aclk m_dest_axi_aclk}]]                                                                                                                                   fifo/zerodeep.i_waddr_sync* && IS_SEQUENTIAL}]                                                                    
80        [get_clocks -of_objects [get_ports -scoped_to_current_instance -quiet {s_axi_acl  *                                                                                 [get_cells -quiet -hier *cdc_sync_stage1_reg* -filter {NAME =~ *i_dest_response_  max_dpo=10      -               
          k fifo_wr_clk s_axis_aclk m_src_axi_aclk}]]                                                                                                                         fifo/zerodeep.i_raddr_sync* && IS_SEQUENTIAL}]                                                                    
81        [get_cells -quiet -hier *cdc_sync_fifo_ram_reg* -filter {NAME =~ *i_dest_respons  *                                                                                 [get_clocks -of_objects [get_ports -scoped_to_current_instance -quiet {s_axi_acl  max_dpo=10      -               
          e_fifo* && IS_SEQUENTIAL}]                                                                                                                                          k fifo_wr_clk s_axis_aclk m_src_axi_aclk}]]                                                                       
82        [get_clocks -of_objects [get_ports -scoped_to_current_instance -quiet {fifo_wr_c  *                                                                                 [get_cells -quiet -hier *cdc_sync_stage1_reg* -filter {NAME =~ *i_store_and_forw  max_dpo=10      -               
          lk s_axis_aclk m_src_axi_aclk s_axi_aclk}]]                                                                                                                         ard/i_dest_sync_id* && IS_SEQUENTIAL}]                                                                            
83        [get_clocks -of_objects [get_ports -scoped_to_current_instance -quiet {fifo_rd_c  *                                                                                 [get_cells -quiet -hier *cdc_sync_stage1_reg* -filter {NAME =~ *i_store_and_forw  max_dpo=8.333   -               
          lk m_axis_aclk m_dest_axi_aclk}]]                                                                                                                                   ard/i_src_sync_id* && IS_SEQUENTIAL}]                                                                             
84        [get_clocks -of_objects [get_ports -scoped_to_current_instance -quiet {fifo_wr_c  [get_cells -quiet -hier -filter {IS_SEQUENTIAL && NAME =~ *i_store_and_forward/b  [get_clocks -of_objects [get_ports -scoped_to_current_instance -quiet {fifo_rd_c  max_dpo=8.333   -               
          lk s_axis_aclk m_src_axi_aclk s_axi_aclk}]]                                       urst_len_mem_reg*}]                                                               lk m_axis_aclk m_dest_axi_aclk}]]                                                                                 
85        [get_clocks -of_objects [get_ports -scoped_to_current_instance -quiet {fifo_wr_c  *                                                                                 [get_cells -quiet -hier *cdc_sync_stage1_reg* -filter {NAME =~ *i_dest_req_fifo/  max_dpo=10      -               
          lk s_axis_aclk m_src_axi_aclk s_axi_aclk}]]                                                                                                                         zerodeep.i_waddr_sync* && IS_SEQUENTIAL}]                                                                         
86        [get_clocks -of_objects [get_ports -scoped_to_current_instance -quiet {fifo_rd_c  *                                                                                 [get_cells -quiet -hier *cdc_sync_stage1_reg* -filter {NAME =~ *i_dest_req_fifo/  max_dpo=8.333   -               
          lk m_axis_aclk m_dest_axi_aclk}]]                                                                                                                                   zerodeep.i_raddr_sync* && IS_SEQUENTIAL}]                                                                         
88        [get_clocks -of_objects [get_ports -scoped_to_current_instance -quiet {fifo_wr_c  [get_cells -quiet -hier DP -filter {NAME =~ *i_request_arb/eot_mem_dest_reg*}]    [get_clocks -of_objects [get_ports -scoped_to_current_instance -quiet {fifo_rd_c  max_dpo=8.333   -               
          lk s_axis_aclk m_src_axi_aclk s_axi_aclk}]]                                                                                                                         lk m_axis_aclk m_dest_axi_aclk}]]                                                                                 
89        [get_cells -quiet -hier *do_reset_reg* -filter {NAME =~ *i_reset_manager* && IS_  *                                                                                 [get_pins -quiet -hier *reset_async_reg*/PRE]                                     false           false           
          SEQUENTIAL}]                                                                                                                                                                                                                                                                          
90        [get_cells -quiet -hier {*reset_async_reg[0]} -filter {NAME =~ *i_reset_manager*  *                                                                                 [get_cells -quiet -hier {*reset_async_reg[3]*} -filter {NAME =~ *i_reset_manager  false           false           
           && IS_SEQUENTIAL}]                                                                                                                                                 * && IS_SEQUENTIAL}]                                                                                              
91        [get_cells -quiet -hier {*reset_async_reg[0]} -filter {NAME =~ *i_reset_manager*  *                                                                                 [get_pins -quiet -hier *reset_sync_in_reg*/PRE -filter {NAME =~ *i_reset_manager  false           false           
           && IS_SEQUENTIAL}]                                                                                                                                                 *}]                                                                                                               
92        [get_cells -quiet -hier {*reset_sync_reg[0]} -filter {NAME =~ *i_reset_manager*   *                                                                                 [get_pins -quiet -hier *reset_sync_in_reg*/PRE -filter {NAME =~ *i_reset_manager  false           false           
          && IS_SEQUENTIAL}]                                                                                                                                                  *}]                                                                                                               
93        [get_cells -quiet -hier *cdc_sync_stage2_reg* -filter {name =~ *i_dest_sync_id*   *                                                                                 [get_cells -quiet -hier *up_rdata_reg* -filter IS_SEQUENTIAL]                     false           false           
          && IS_SEQUENTIAL}]                                                                                                                                                                                                                                                                    
94        [get_cells -quiet -hier *id_reg* -filter {name =~ *i_request_arb* && IS_SEQUENTI  *                                                                                 [get_cells -quiet -hier *up_rdata_reg* -filter IS_SEQUENTIAL]                     false           false           
          AL}]                                                                                                                                                                                                                                                                                  
95        [get_cells -quiet -hier *address_reg* -filter {name =~ *i_addr_gen* && IS_SEQUEN  *                                                                                 [get_cells -quiet -hier *up_rdata_reg* -filter IS_SEQUENTIAL]                     false           false           
          TIAL}]                                                                                                                                                                                                                                                                                
96        [get_cells -quiet -hier *reset_sync_reg* -filter {name =~ *i_reset_manager* && I  *                                                                                 [get_cells -quiet -hier *up_rdata_reg* -filter IS_SEQUENTIAL]                     false           false           
          S_SEQUENTIAL}]                                                                                                                                                                                                                                                                        
97        *                                                                                 [get_ports -scoped_to_current_instance -no_traverse src_arst]                     *                                                                                 false           false           
98        *                                                                                 [get_ports -scoped_to_current_instance -no_traverse src_arst]                     *                                                                                 false           false           
99        *                                                                                 [get_ports -scoped_to_current_instance -no_traverse src_arst]                     *                                                                                 false           false           
120       *                                                                                 *                                                                                 [get_cells {syncstages_ff_reg[0]}]                                                false           false           
121       *                                                                                 *                                                                                 [get_cells {syncstages_ff_reg[0]}]                                                false           false           
122       *                                                                                 *                                                                                 [get_cells {syncstages_ff_reg[0]}]                                                false           false           
123       *                                                                                 *                                                                                 [get_cells {syncstages_ff_reg[0]}]                                                false           false           
124       [filter [all_fanout -from [get_ports -scoped_to_current_instance wr_clk] -flat -  [get_pins -of_obj [get_cells -hier * -filter {PRIMITIVE_SUBGROUP==LUTRAM || PRIM  *                                                                                 max_dpo=10      -               
          endpoints_only] IS_LEAF]                                                          ITIVE_SUBGROUP==dram || PRIMITIVE_SUBGROUP==drom}] -filter DIRECTION==OUT]                                                                                                                          
125       [filter [all_fanout -from [get_ports -scoped_to_current_instance wr_clk] -flat -  [get_pins -of_obj [get_cells -hier * -filter {PRIMITIVE_SUBGROUP==LUTRAM || PRIM  *                                                                                 max_dpo=10      -               
          endpoints_only] IS_LEAF]                                                          ITIVE_SUBGROUP==dram || PRIMITIVE_SUBGROUP==drom}] -filter DIRECTION==OUT]                                                                                                                          
127       [get_pins -filter REF_PIN_NAME=~CLK* -of_objects [get_cells -hierarchical -filte  *                                                                                 [get_pins -filter REF_PIN_NAME=~D* -of_objects [get_cells -hierarchical -filter   false           false           
          r {NAME =~ "*allx_typeA_match_detection.ltlib_v1_0_1_allx_typeA_inst/DUT/I_WHOLE                                                                                    {NAME =~ "*allx_typeA_match_detection.ltlib_v1_0_1_allx_typeA_inst/DUT/I_WHOLE_S                                  
          _SLICE.G_SLICE_IDX[*].U_ALL_SRL_SLICE/u_srl*/S*"}]]                                                                                                                 LICE.G_SLICE_IDX[*].U_ALL_SRL_SLICE/I_IS_TERMINATION_SLICE_W_OUTPUT_REG.DOUT_O_r                                  
                                                                                                                                                                              eg*"}]]                                                                                                           
128       [get_pins -filter REF_PIN_NAME=~CLK* -of_objects [get_cells -hierarchical -filte  *                                                                                 [get_cells -hierarchical -filter { NAME =~  "*ila_core_inst/u_ila_cap_ctrl/u_cap  false           false           
          r { NAME =~  "*ila_core_inst/u_ila_cap_ctrl/u_cap_addrgen/u_cap_sample_counter/u                                                                                    _addrgen/u_cap_sample_counter/u_scnt_cmp_q*" && IS_SEQUENTIAL }]                                                  
          _scnt_cmp/allx_typeA_match_detection.ltlib_v1_0_1_allx_typeA_inst/DUT/I_WHOLE_SL                                                                                                                                                                                                      
          ICE.G_SLICE_IDX[*].U_ALL_SRL_SLICE/u_srl*/S*"}]]                                                                                                                                                                                                                                      
129       [get_pins -filter REF_PIN_NAME=~CLK* -of_objects [get_cells -hierarchical -filte  *                                                                                 [get_cells -hierarchical -filter { NAME =~  "*ila_core_inst/u_ila_cap_ctrl/u_cap  false           false           
          r { NAME =~  "*ila_core_inst/u_ila_cap_ctrl/u_cap_addrgen/u_cap_window_counter/u                                                                                    _addrgen/u_cap_window_counter/u_wcnt_lcmp_q*" && IS_SEQUENTIAL }]                                                 
          _wcnt_lcmp/allx_typeA_match_detection.ltlib_v1_0_1_allx_typeA_inst/DUT/I_WHOLE_S                                                                                                                                                                                                      
          LICE.G_SLICE_IDX[*].U_ALL_SRL_SLICE/u_srl*/S*"}]]                                                                                                                                                                                                                                     
130       [get_pins -filter REF_PIN_NAME=~CLK* -of_objects [get_cells -hierarchical -filte  *                                                                                 [get_cells -hierarchical -filter { NAME =~  "*ila_core_inst/u_ila_cap_ctrl/u_cap  false           false           
          r { NAME =~  "*ila_core_inst/u_ila_cap_ctrl/u_cap_addrgen/u_cap_window_counter/u                                                                                    _addrgen/u_cap_window_counter/u_wcnt_hcmp_q*" && IS_SEQUENTIAL }]                                                 
          _wcnt_hcmp/allx_typeA_match_detection.ltlib_v1_0_1_allx_typeA_inst/DUT/I_WHOLE_S                                                                                                                                                                                                      
          LICE.G_SLICE_IDX[*].U_ALL_SRL_SLICE/u_srl*/S*"}]]                                                                                                                                                                                                                                     
131       [get_cells -hierarchical -filter { NAME =~  "*ila_core_inst/u_ila_reset_ctrl/asy  *                                                                                 [get_cells -hierarchical -filter { NAME =~  "*ila_core_inst/u_ila_reset_ctrl/asy  false           false           
          ncrounous_transfer*/din_reg_reg*" && IS_SEQUENTIAL }]                                                                                                               ncrounous_transfer*/dout_reg0_reg*" && IS_SEQUENTIAL }]                                                           
132       [get_cells -hierarchical -filter { NAME =~  "*ila_core_inst/u_ila_reset_ctrl/asy  *                                                                                 [get_cells -hierarchical -filter { NAME =~  "*ila_core_inst/u_ila_reset_ctrl/asy  false           false           
          ncrounous_transfer.arm_in_transfer_inst/dout_reg*" && IS_SEQUENTIAL }]                                                                                              ncrounous_transfer.arm_in_transfer_inst/temp_reg0_reg*" && IS_SEQUENTIAL }]                                       
133       [get_cells -hierarchical -filter { NAME =~  "*ila_core_inst/u_ila_reset_ctrl/asy  *                                                                                 [get_cells -hierarchical -filter { NAME =~  "*ila_core_inst/u_ila_reset_ctrl/asy  false           false           
          ncrounous_transfer.halt_in_transfer_inst/dout_reg*" && IS_SEQUENTIAL }]                                                                                             ncrounous_transfer.halt_in_transfer_inst/temp_reg0_reg*" && IS_SEQUENTIAL }]                                      
134       [get_cells -hierarchical -filter { NAME =~  "*ila_core_inst/u_ila_reset_ctrl/asy  *                                                                                 [get_cells -hierarchical -filter { NAME =~  "*ila_core_inst/u_ila_reset_ctrl/asy  false           false           
          ncrounous_transfer.halt_out_transfer_inst/dout_reg*" && IS_SEQUENTIAL }]                                                                                            ncrounous_transfer.halt_out_transfer_inst/temp_reg0_reg*" && IS_SEQUENTIAL }]                                     
135       [get_cells -hierarchical -filter { NAME =~  "*ila_core_inst/u_ila_reset_ctrl/asy  *                                                                                 [get_cells -hierarchical -filter { NAME =~  "*ila_core_inst/u_ila_reset_ctrl/asy  false           false           
          ncrounous_transfer.arm_out_transfer_inst/dout_reg*" && IS_SEQUENTIAL }]                                                                                             ncrounous_transfer.arm_out_transfer_inst/temp_reg0_reg*" && IS_SEQUENTIAL }]                                      
141       [get_cells -hierarchical -filter { NAME =~  "*ila_core_inst/u_ila_regs/reg_7/I_E  *                                                                                 [get_cells -hierarchical -filter { NAME =~ "*ila_core_inst/u_ila_cap_ctrl/u_cap_  false           false           
          N_CTL_EQ1.U_CTL/xsdb_reg_reg*" && IS_SEQUENTIAL }]                                                                                                                  addrgen/u_cap_window_counter/u_wcnt_hcmp_q*" && IS_SEQUENTIAL }]                                                  
142       [get_cells -hierarchical -filter { NAME =~  "*ila_core_inst/u_ila_regs/reg_7/I_E  *                                                                                 [get_cells -hierarchical -filter { NAME =~ "*ila_core_inst/u_ila_cap_ctrl/u_cap_  false           false           
          N_CTL_EQ1.U_CTL/xsdb_reg_reg*" && IS_SEQUENTIAL }]                                                                                                                  addrgen/u_cap_window_counter/u_wcnt_lcmp_q*" && IS_SEQUENTIAL }]                                                  
143       [get_cells -hierarchical -filter { NAME =~  "*ila_core_inst/u_ila_regs/reg_7/I_E  *                                                                                 [get_cells -hierarchical -filter { NAME =~ "*ila_core_inst/u_ila_cap_ctrl/u_cap_  false           false           
          N_CTL_EQ1.U_CTL/xsdb_reg_reg*" && IS_SEQUENTIAL }]                                                                                                                  addrgen/u_cap_sample_counter/u_scnt_cmp_q*" && IS_SEQUENTIAL }]                                                   
149       [get_cells -hierarchical -filter { NAME =~  "*ila_core_inst/u_ila_regs/reg_15/I_  *                                                                                 [get_cells -hierarchical -filter { NAME =~ "*ila_core_inst/use_probe_debug_circu  false           false           
          EN_CTL_EQ1.U_CTL/xsdb_reg_reg*" && IS_SEQUENTIAL }]                                                                                                                 it_2_reg*" && IS_SEQUENTIAL}]                                                                                     
151       [get_cells -hierarchical -filter { NAME =~  "*ila_core_inst/u_ila_regs/reg_1a/I_  *                                                                                 [get_cells -hierarchical -filter { NAME =~ "*ila_core_inst/en_adv_trigger_2_reg*  false           false           
          EN_CTL_EQ1.U_CTL/xsdb_reg_reg*" && IS_SEQUENTIAL }]                                                                                                                 " && IS_SEQUENTIAL}]                                                                                              
152       [get_cells -hierarchical -filter { NAME =~  "*ila_core_inst/u_ila_regs/reg_1a/I_  *                                                                                 [get_cells -hierarchical -filter { NAME =~ "*ila_core_inst/capture_qual_ctrl_2_r  false           false           
          EN_CTL_EQ1.U_CTL/xsdb_reg_reg*" && IS_SEQUENTIAL }]                                                                                                                 eg*" && IS_SEQUENTIAL}]                                                                                           
153       [get_cells -hierarchical -filter { NAME =~  "*ila_core_inst/u_ila_regs/reg_strea  *                                                                                 [get_cells -hierarchical -filter { NAME =~ "*ila_core_inst/debug_data_in_sync1_r  false           false           
          m_ffd/I_EN_CTL_EQ1.U_CTL/xsdb_reg_reg*" && IS_SEQUENTIAL }]                                                                                                         eg*" && IS_SEQUENTIAL}]                                                                                           
154       [get_cells -hierarchical -filter { NAME =~  "*ila_core_inst/u_ila_cap_ctrl/u_cap  *                                                                                 [get_cells -hierarchical -filter { NAME =~ "*ila_core_inst/u_ila_cap_ctrl/u_cap_  false           false           
          _addrgen/*.cfg_data_vec_reg*" && IS_SEQUENTIAL }]                                                                                                                   addrgen/cfg_data_vec_sync1_reg*" && IS_SEQUENTIAL}]                                                               
155       [get_cells -hierarchical -filter { NAME =~  "*ila_core_inst/u_ila_regs/s_dclk_fl  *                                                                                 [get_cells -hierarchical -filter { NAME =~ "*ila_core_inst/u_ila_regs/s_dclk_fla  false           false           
          ag_reg*" && IS_SEQUENTIAL }]                                                                                                                                        g_sync1_reg*" && IS_SEQUENTIAL}]                                                                                  
156       [get_cells -hierarchical -filter { NAME =~  "*ila_core_inst/u_ila_regs/ila_clk_f  *                                                                                 [get_cells -hierarchical -filter { NAME =~ "*ila_core_inst/u_ila_regs/ila_clk_fl  false           false           
          lag_reg*" && IS_SEQUENTIAL }]                                                                                                                                       ag_sync1_reg*" && IS_SEQUENTIAL}]                                                                                 
159       [get_pins -filter REF_PIN_NAME=~CLK -of_objects [get_cells -hierarchical -filter  *                                                                                 [get_pins -filter REF_PIN_NAME=~D -of_objects [get_cells -hierarchical -filter {  false           false           
           {NAME =~ "*allx_typeA_match_detection.ltlib_v1_0_1_allx_typeA_inst/DUT/u_srl_dr                                                                                    NAME =~ "*allx_typeA_match_detection.ltlib_v1_0_1_allx_typeA_inst/DUT/I_WHOLE_SL                                  
          ive*"}]]                                                                                                                                                            ICE.G_SLICE_IDX[*].U_ALL_SRL_SLICE/I_IS_TERMINATION_SLICE_W_OUTPUT_REG.DOUT_O_re                                  
                                                                                                                                                                              g*" && IS_SEQUENTIAL}]]                                                                                           
161       [get_cells -hierarchical -filter { NAME =~  "*ila_core_inst/u_ila_cap_ctrl/u_cap  *                                                                                 [get_cells -hierarchical -filter { NAME =~  "*ila_core_inst/u_ila_regs/reg*/I_EN  false           false           
          _addrgen/captured_samples*" && IS_SEQUENTIAL }]                                                                                                                     _STAT_EQ1.U_STAT/xsdb_reg*" && IS_SEQUENTIAL }]                                                                   
162       [get_cells -hierarchical -filter { NAME =~  "*ila_core_inst/u_ila_cap_ctrl/CAP_D  *                                                                                 [get_cells -hierarchical -filter { NAME =~  "*ila_core_inst/u_ila_regs/reg*/I_EN  false           false           
          ONE_O*" && IS_SEQUENTIAL }]                                                                                                                                         _STAT_EQ1.U_STAT/xsdb_reg*" && IS_SEQUENTIAL }]                                                                   
163       [get_cells -hierarchical -filter { NAME =~  "*ila_core_inst/u_ila_cap_ctrl/CAP_T  *                                                                                 [get_cells -hierarchical -filter { NAME =~  "*ila_core_inst/u_ila_regs/reg*/I_EN  false           false           
          RIGGER_O*" && IS_SEQUENTIAL }]                                                                                                                                      _STAT_EQ1.U_STAT/xsdb_reg*" && IS_SEQUENTIAL }]                                                                   
164       [get_cells -hierarchical -filter { NAME =~  "*ila_core_inst/u_ila_cap_ctrl/U_NS*  *                                                                                 [get_cells -hierarchical -filter { NAME =~  "*ila_core_inst/u_ila_regs/reg_*/I_E  false           false           
          /I_YESLUT6.I_YES_OREG.O_reg_reg*" && IS_SEQUENTIAL }]                                                                                                               N_STAT_EQ1.U_STAT/xsdb_reg_reg[*]*" && IS_SEQUENTIAL }]                                                           
165       [get_pins -filter REF_PIN_NAME=~CLK -of_objects [get_cells -hierarchical -filter  *                                                                                 [get_cells -hierarchical -filter { NAME =~  "*ila_core_inst/u_ila_cap_ctrl/u_cap  false           false           
           { NAME =~  "*ila_core_inst/u_ila_cap_ctrl/u_cap_addrgen/u_cap_sample_counter/U_                                                                                    _addrgen/u_cap_sample_counter/u_scnt_cmp_q*" && IS_SEQUENTIAL }]                                                  
          SCMPCE/I_YESLUT6.U_SRL32*"}]]                                                                                                                                                                                                                                                         
166       [get_pins -filter REF_PIN_NAME=~CLK -of_objects [get_cells -hierarchical -filter  *                                                                                 [get_cells -hierarchical -filter { NAME =~  "*ila_core_inst/u_ila_cap_ctrl/u_cap  false           false           
           { NAME =~  "*ila_core_inst/u_ila_cap_ctrl/u_cap_addrgen/u_cap_sample_counter/u_                                                                                    _addrgen/u_cap_sample_counter/u_scnt_cmp_q*" && IS_SEQUENTIAL }]                                                  
          scnt_cmp/allx_typeA_match_detection.ltlib_v1_0_1_allx_typeA_inst/DUT/u_srl_drive                                                                                                                                                                                                      
          *"}]]                                                                                                                                                                                                                                                                                 
167       [get_pins -filter REF_PIN_NAME=~CLK -of_objects [get_cells -hierarchical -filter  *                                                                                 [get_cells -hierarchical -filter { NAME =~  "*ila_core_inst/u_ila_cap_ctrl/u_cap  false           false           
           { NAME =~  "*ila_core_inst/u_ila_cap_ctrl/u_cap_addrgen/U_CMPRESET/I_YESLUT6.U_                                                                                    _addrgen/u_cap_sample_counter/u_scnt_cmp_q*" && IS_SEQUENTIAL }]                                                  
          SRL32_*" }]]                                                                                                                                                                                                                                                                          
168       [get_pins -filter REF_PIN_NAME=~CLK -of_objects [get_cells -hierarchical -filter  *                                                                                 [get_cells -hierarchical -filter { NAME =~  "*ila_core_inst/u_ila_cap_ctrl/u_cap  false           false           
           { NAME =~  "*ila_core_inst/u_ila_cap_ctrl/u_cap_addrgen/u_cap_window_counter/u_                                                                                    _addrgen/u_cap_window_counter/u_wcnt_lcmp_q*" && IS_SEQUENTIAL }]                                                 
          wcnt_lcmp/allx_typeA_match_detection.ltlib_v1_0_1_allx_typeA_inst/DUT/u_srl_driv                                                                                                                                                                                                      
          e*"}]]                                                                                                                                                                                                                                                                                
169       [get_pins -filter REF_PIN_NAME=~CLK -of_objects [get_cells -hierarchical -filter  *                                                                                 [get_cells -hierarchical -filter { NAME =~  "*ila_core_inst/u_ila_cap_ctrl/u_cap  false           false           
           { NAME =~  "*ila_core_inst/u_ila_cap_ctrl/u_cap_addrgen/u_cap_window_counter/u_                                                                                    _addrgen/u_cap_window_counter/u_wcnt_hcmp_q*" && IS_SEQUENTIAL }]                                                 
          wcnt_hcmp/allx_typeA_match_detection.ltlib_v1_0_1_allx_typeA_inst/DUT/u_srl_driv                                                                                                                                                                                                      
          e*"}]]                                                                                                                                                                                                                                                                                
170       [get_pins -filter REF_PIN_NAME=~CLK -of_objects [get_cells -hierarchical -filter  *                                                                                 [get_cells -hierarchical -filter { NAME =~  "*ila_core_inst/u_ila_cap_ctrl/u_cap  false           false           
           { NAME =~  "*ila_core_inst/u_ila_cap_ctrl/u_cap_addrgen/u_cap_window_counter/U_                                                                                    _addrgen/u_cap_window_counter/u_wcnt_hcmp_q*" && IS_SEQUENTIAL }]                                                 
          WHCMPCE/I_YESLUT6.U_SRL32*"}]]                                                                                                                                                                                                                                                        
171       [get_pins -filter REF_PIN_NAME=~CLK -of_objects [get_cells -hierarchical -filter  *                                                                                 [get_cells -hierarchical -filter { NAME =~  "*ila_core_inst/u_ila_cap_ctrl/u_cap  false           false           
           { NAME =~  "*ila_core_inst/u_ila_cap_ctrl/u_cap_addrgen/u_cap_window_counter/U_                                                                                    _addrgen/u_cap_window_counter/u_wcnt_lcmp_q*" && IS_SEQUENTIAL }]                                                 
          WLCMPCE/I_YESLUT6.U_SRL32*"}]]                                                                                                                                                                                                                                                        
172       [get_pins -filter REF_PIN_NAME=~CLK -of_objects [get_cells -hierarchical -filter  *                                                                                 [get_cells -hierarchical -filter { NAME =~  "*ila_core_inst/u_ila_cap_ctrl/u_cap  false           false           
           { NAME =~  "*ila_core_inst/u_ila_cap_ctrl/u_cap_addrgen/U_CMPRESET/I_YESLUT6.U_                                                                                    _addrgen/u_cap_window_counter/u_wcnt_lcmp_q*" && IS_SEQUENTIAL }]                                                 
          SRL32_*" }]]                                                                                                                                                                                                                                                                          
173       [get_pins -filter REF_PIN_NAME=~CLK -of_objects [get_cells -hierarchical -filter  *                                                                                 [get_cells -hierarchical -filter { NAME =~  "*ila_core_inst/u_ila_cap_ctrl/u_cap  false           false           
           { NAME =~  "*ila_core_inst/u_ila_cap_ctrl/u_cap_addrgen/U_CMPRESET/I_YESLUT6.U_                                                                                    _addrgen/u_cap_window_counter/u_wcnt_hcmp_q*" && IS_SEQUENTIAL }]                                                 
          SRL32_*" }]]                                                                                                                                                                                                                                                                          
174       [get_pins -filter REF_PIN_NAME=~CLK -of_objects [get_cells -hierarchical -filter  *                                                                                 [get_cells -hierarchical -filter { NAME =~ "*ila_core_inst/u_ila_cap_ctrl/u_cap_  false           false           
           { NAME =~  "*ila_core_inst/u_ila_cap_ctrl/u_cap_addrgen/u_cap_sample_counter/U_                                                                                    addrgen/u_cap_sample_counter/iscnt_reg*" && IS_SEQUENTIAL }]                                                      
          SCE/I_YESLUT6.U_SRLC16E*" }]]                                                                                                                                                                                                                                                         
175       [get_pins -filter REF_PIN_NAME=~CLK -of_objects [get_cells -hierarchical -filter  *                                                                                 [get_cells -hierarchical -filter { NAME =~ "*ila_core_inst/u_ila_cap_ctrl/u_cap_  false           false           
           { NAME =~  "*ila_core_inst/u_ila_cap_ctrl/u_cap_addrgen/u_cap_sample_counter/U_                                                                                    addrgen/icap_wr_en_reg*" && IS_SEQUENTIAL }]                                                                      
          SCE/I_YESLUT6.U_SRLC16E*" }]]                                                                                                                                                                                                                                                         
176       [get_pins -filter REF_PIN_NAME=~CLK -of_objects [get_cells -hierarchical -filter  *                                                                                 [get_cells -hierarchical -filter { NAME =~ "*ila_core_inst/u_ila_cap_ctrl/u_cap_  false           false           
           { NAME =~  "*ila_core_inst/u_ila_cap_ctrl/u_cap_addrgen/u_cap_sample_counter/U_                                                                                    addrgen/u_cap_sample_counter/iscnt_reg*" && IS_SEQUENTIAL }]                                                      
          SCRST/I_YESLUT6.U_SRL32_*" }]]                                                                                                                                                                                                                                                        
177       [get_pins -filter REF_PIN_NAME=~CLK -of_objects [get_cells -hierarchical -filter  *                                                                                 [get_cells -hierarchical -filter { NAME =~ "*ila_core_inst/u_ila_cap_ctrl/u_cap_  false           false           
           { NAME =~  "*ila_core_inst/u_ila_cap_ctrl/u_cap_addrgen/u_cap_window_counter/U_                                                                                    addrgen/u_cap_window_counter/iwcnt_reg*" && IS_SEQUENTIAL }]                                                      
          WCE/I_YESLUT6.U_SRLC16E*" }]]                                                                                                                                                                                                                                                         
178       [get_pins -filter REF_PIN_NAME=~CLK -of_objects [get_cells -hierarchical -filter  *                                                                                 [get_cells -hierarchical -filter { NAME =~ "*ila_core_inst/u_ila_cap_ctrl/U_CDON  false           false           
           { NAME =~  "*ila_core_inst/u_ila_cap_ctrl/U_CDONE/I_YESLUT6.U_SRL32_*" }]]                                                                                         E/I_YESLUT6.I_YES_OREG.O_reg*" && IS_SEQUENTIAL}]                                                                 
179       [get_pins -filter REF_PIN_NAME=~CLK -of_objects [get_cells -hierarchical -filter  *                                                                                 [get_cells -hierarchical -filter { NAME =~ "*ila_core_inst/u_ila_cap_ctrl/U_NS0/  false           false           
           { NAME =~  "*ila_core_inst/u_ila_cap_ctrl/U_NS0/I_YESLUT6.U_SRL32_*" }]]                                                                                           I_YESLUT6.I_YES_OREG.O_reg*" && IS_SEQUENTIAL}]                                                                   
180       [get_pins -filter REF_PIN_NAME=~CLK -of_objects [get_cells -hierarchical -filter  *                                                                                 [get_cells -hierarchical -filter { NAME =~ "*ila_core_inst/u_ila_cap_ctrl/U_NS1/  false           false           
           { NAME =~  "*ila_core_inst/u_ila_cap_ctrl/U_NS1/I_YESLUT6.U_SRL32_*" }]]                                                                                           I_YESLUT6.I_YES_OREG.O_reg*" && IS_SEQUENTIAL}]                                                                   
181       [filter [all_fanout -from [get_pins -filter REF_PIN_NAME=~wr_clk -of_objects [ge  *                                                                                 [get_cells -hierarchical -filter {NAME =~ *U_RD_FIFO*gdm.dm_gen.dm*/gpr1.dout_i_  false           false           
          t_cells -hierarchical -filter {NAME =~ "*SUBCORE_FIFO.*rdfifo_inst"}]] -flat -en                                                                                    reg*}]                                                                                                            
          dpoints_only] IS_LEAF]                                                                                                                                                                                                                                                                
182       [get_cells -hierarchical -filter {NAME =~ "*BSCANID.u_xsdbm_id/CORE_XSDB.UUT_MAS  *                                                                                 [get_cells -hierarchical -filter {NAME =~ "*BSCANID.u_xsdbm_id/CORE_XSDB.UUT_MAS  max_dpo=50      -               
          TER/U_ICON_INTERFACE/U_CMD6_RD/U_RD_FIFO/SUBCORE_FIFO.xsdbm_v3_0_0_rdfifo_inst/i                                                                                    TER/U_ICON_INTERFACE/U_CMD6_RD/U_RD_FIFO/SUBCORE_FIFO.xsdbm_v3_0_0_rdfifo_inst/i                                  
          nst_fifo_gen/gconvfifo.rf/grf.rf/gntv_or_sync_fifo.gcx.clkx/*rd_pntr_gc_reg[*]"}                                                                                    nst_fifo_gen/gconvfifo.rf/grf.rf/gntv_or_sync_fifo.gcx.clkx/*gsync_stage[1].wr_s                                  
          ]                                                                                                                                                                   tg_inst/Q_reg_reg[*]"}]                                                                                           
184       [get_cells -hierarchical -filter {NAME =~ "*BSCANID.u_xsdbm_id/CORE_XSDB.UUT_MAS  *                                                                                 [get_cells -hierarchical -filter {NAME =~ "*BSCANID.u_xsdbm_id/CORE_XSDB.UUT_MAS  max_dpo=10      -               
          TER/U_ICON_INTERFACE/U_CMD6_RD/U_RD_FIFO/SUBCORE_FIFO.xsdbm_v3_0_0_rdfifo_inst/i                                                                                    TER/U_ICON_INTERFACE/U_CMD6_RD/U_RD_FIFO/SUBCORE_FIFO.xsdbm_v3_0_0_rdfifo_inst/i                                  
          nst_fifo_gen/gconvfifo.rf/grf.rf/gntv_or_sync_fifo.gcx.clkx/*wr_pntr_gc_reg[*]"}                                                                                    nst_fifo_gen/gconvfifo.rf/grf.rf/gntv_or_sync_fifo.gcx.clkx/*gsync_stage[1].rd_s                                  
          ]                                                                                                                                                                   tg_inst/Q_reg_reg[*]"}]                                                                                           
186       [filter [all_fanout -from [get_pins -filter REF_PIN_NAME=~wr_clk -of_objects [ge  *                                                                                 [get_cells -hierarchical -filter {NAME =~ *U_WR_FIFO*gdm.dm_gen.dm*/gpr1.dout_i_  false           false           
          t_cells -hierarchical -filter {NAME =~ "*SUBCORE_FIFO.*wrfifo_inst"}]] -flat -en                                                                                    reg*}]                                                                                                            
          dpoints_only] IS_LEAF]                                                                                                                                                                                                                                                                
187       [get_cells -hierarchical -filter {NAME =~ "*BSCANID.u_xsdbm_id/CORE_XSDB.UUT_MAS  *                                                                                 [get_cells -hierarchical -filter {NAME =~ "*BSCANID.u_xsdbm_id/CORE_XSDB.UUT_MAS  max_dpo=10      -               
          TER/U_ICON_INTERFACE/U_CMD6_WR/U_WR_FIFO/SUBCORE_FIFO.xsdbm_v3_0_0_wrfifo_inst/i                                                                                    TER/U_ICON_INTERFACE/U_CMD6_WR/U_WR_FIFO/SUBCORE_FIFO.xsdbm_v3_0_0_wrfifo_inst/i                                  
          nst_fifo_gen/gconvfifo.rf/grf.rf/gntv_or_sync_fifo.gcx.clkx/*rd_pntr_gc_reg[*]"}                                                                                    nst_fifo_gen/gconvfifo.rf/grf.rf/gntv_or_sync_fifo.gcx.clkx/*gsync_stage[1].wr_s                                  
          ]                                                                                                                                                                   tg_inst/Q_reg_reg[*]"}]                                                                                           
189       [get_cells -hierarchical -filter {NAME =~ "*BSCANID.u_xsdbm_id/CORE_XSDB.UUT_MAS  *                                                                                 [get_cells -hierarchical -filter {NAME =~ "*BSCANID.u_xsdbm_id/CORE_XSDB.UUT_MAS  max_dpo=50      -               
          TER/U_ICON_INTERFACE/U_CMD6_WR/U_WR_FIFO/SUBCORE_FIFO.xsdbm_v3_0_0_wrfifo_inst/i                                                                                    TER/U_ICON_INTERFACE/U_CMD6_WR/U_WR_FIFO/SUBCORE_FIFO.xsdbm_v3_0_0_wrfifo_inst/i                                  
          nst_fifo_gen/gconvfifo.rf/grf.rf/gntv_or_sync_fifo.gcx.clkx/*wr_pntr_gc_reg[*]"}                                                                                    nst_fifo_gen/gconvfifo.rf/grf.rf/gntv_or_sync_fifo.gcx.clkx/*gsync_stage[1].rd_s                                  
          ]                                                                                                                                                                   tg_inst/Q_reg_reg[*]"}]                                                                                           
191       [get_cells -hierarchical -filter {NAME =~ "*BSCANID.u_xsdbm_id/CORE_XSDB.UUT_MAS  *                                                                                 [get_cells -hierarchical -filter {NAME =~ "*BSCANID.u_xsdbm_id/CORE_XSDB.UUT_MAS  false           false           
          TER/U_ICON_INTERFACE/icn_cmd_en_reg[5]"}]                                                                                                                           TER/U_ICON_INTERFACE/icn_cmd_en_5_temp_reg"}]                                                                     
192       [get_cells -hierarchical -filter {NAME =~ "*BSCANID.u_xsdbm_id/CORE_XSDB.UUT_MAS  *                                                                                 [get_cells -hierarchical -filter {NAME =~ "*BSCANID.u_xsdbm_id/CORE_XSDB.UUT_MAS  false           false           
          TER/U_ICON_INTERFACE/U_CMD1/icn_cmd_en_temp_reg"}]                                                                                                                  TER/U_ICON_INTERFACE/U_CMD1/ctl_reg_en_1_reg[0]"}]                                                                
193       [get_cells -hierarchical -filter {NAME =~ "*BSCANID.u_xsdbm_id/CORE_XSDB.UUT_MAS  *                                                                                 [get_cells -hierarchical -filter {NAME =~ "*BSCANID.u_xsdbm_id/CORE_XSDB.UUT_MAS  false           false           
          TER/U_ICON_INTERFACE/U_CMD2/icn_cmd_en_temp_reg"}]                                                                                                                  TER/U_ICON_INTERFACE/U_CMD2/stat_reg_ld_reg[0]"}]                                                                 
194       [get_cells -hierarchical -filter {NAME =~ "*BSCANID.u_xsdbm_id/CORE_XSDB.UUT_MAS  *                                                                                 [get_cells -hierarchical -filter {NAME =~ "*BSCANID.u_xsdbm_id/CORE_XSDB.UUT_MAS  false           false           
          TER/U_ICON_INTERFACE/U_CMD3/icn_cmd_en_temp_reg"}]                                                                                                                  TER/U_ICON_INTERFACE/U_CMD3/stat_reg_ld_reg[0]"}]                                                                 
195       [get_cells -hierarchical -filter {NAME =~ "*BSCANID.u_xsdbm_id/CORE_XSDB.UUT_MAS  *                                                                                 [get_cells -hierarchical -filter {NAME =~ "*BSCANID.u_xsdbm_id/CORE_XSDB.UUT_MAS  false           false           
          TER/U_ICON_INTERFACE/U_CMD4/icn_cmd_en_temp_reg"}]                                                                                                                  TER/U_ICON_INTERFACE/U_CMD4/ctl_reg_en_1_reg[0]"}]                                                                
196       [get_cells -hierarchical -filter {NAME =~ "*BSCANID.u_xsdbm_id/CORE_XSDB.UUT_MAS  *                                                                                 [get_cells -hierarchical -filter {NAME =~ "*BSCANID.u_xsdbm_id/CORE_XSDB.UUT_MAS  false           false           
          TER/U_ICON_INTERFACE/U_CMD5/icn_cmd_en_temp_reg"}]                                                                                                                  TER/U_ICON_INTERFACE/U_CMD5/ctl_reg_en_1_reg[0]"}]                                                                
197       [get_cells -hierarchical -filter {NAME =~ "*BSCANID.u_xsdbm_id/CORE_XSDB.UUT_MAS  *                                                                                 [get_cells -hierarchical -filter {NAME =~ "*BSCANID.u_xsdbm_id/CORE_XSDB.UUT_MAS  false           false           
          TER/U_ICON_INTERFACE/U_CMD7_CTL/icn_cmd_en_temp_reg"}]                                                                                                              TER/U_ICON_INTERFACE/U_CMD7_CTL/ctl_reg_en_1_reg[0]"}]                                                            
198       [get_cells -hierarchical -filter {NAME =~ "*BSCANID.u_xsdbm_id/CORE_XSDB.UUT_MAS  *                                                                                 [get_cells -hierarchical -filter {NAME =~ "*BSCANID.u_xsdbm_id/CORE_XSDB.UUT_MAS  false           false           
          TER/U_ICON_INTERFACE/U_CMD7_CTL/shift_reg_in_reg[*]"}]                                                                                                              TER/U_ICON_INTERFACE/U_CMD7_CTL/ctl_reg_reg[*]"}]                                                                 
199       [get_cells -hierarchical -filter {NAME =~ "*BSCANID.u_xsdbm_id/CORE_XSDB.UUT_MAS  *                                                                                 [get_cells -hierarchical -filter {NAME =~ "*BSCANID.u_xsdbm_id/CORE_XSDB.UUT_MAS  false           false           
          TER/U_ICON_INTERFACE/U_CMD7_CTL/shift_reg_in_reg[0]"}]                                                                                                              TER/U_ICON_INTERFACE/U_CMD7_STAT/stat_reg_reg[0]"}]                                                               
200       [get_cells -hierarchical -filter {NAME =~ "*BSCANID.u_xsdbm_id/CORE_XSDB.UUT_MAS  *                                                                                 [get_cells -hierarchical -filter {NAME =~ "*BSCANID.u_xsdbm_id/CORE_XSDB.UUT_MAS  false           false           
          TER/U_ICON_INTERFACE/U_CMD7_STAT/icn_cmd_en_temp_reg"}]                                                                                                             TER/U_ICON_INTERFACE/U_CMD7_STAT/stat_reg_ld_reg[0]"}]                                                            
201       [get_cells -hierarchical -filter {NAME =~ "*BSCANID.u_xsdbm_id/CORE_XSDB.UUT_MAS  *                                                                                 [get_cells -hierarchical -filter {NAME =~ "*BSCANID.u_xsdbm_id/CORE_XSDB.UUT_MAS  false           false           
          TER/U_ICON_INTERFACE/wrdata_rst_reg"}]                                                                                                                              TER/U_ICON_INTERFACE/U_CMD6_WR/U_WR_FIFO/SUBCORE_FIFO.xsdbm_v3_0_0_wrfifo_inst/i                                  
                                                                                                                                                                              nst_fifo_gen/gconvfifo.rf/grf.rf/rstblk/ngwrdrst.grst.g7serrst.rst_rd_reg1_reg"}                                  
                                                                                                                                                                              ]                                                                                                                 
202       [get_cells -hierarchical -filter {NAME =~ "*BSCANID.u_xsdbm_id/CORE_XSDB.UUT_MAS  *                                                                                 [get_cells -hierarchical -filter {NAME =~ "*BSCANID.u_xsdbm_id/CORE_XSDB.UUT_MAS  false           false           
          TER/U_ICON_INTERFACE/wrdata_rst_reg"}]                                                                                                                              TER/U_ICON_INTERFACE/U_CMD6_WR/U_WR_FIFO/SUBCORE_FIFO.xsdbm_v3_0_0_wrfifo_inst/i                                  
                                                                                                                                                                              nst_fifo_gen/gconvfifo.rf/grf.rf/rstblk/ngwrdrst.grst.g7serrst.rst_rd_reg2_reg"}                                  
                                                                                                                                                                              ]                                                                                                                 
203       [get_cells -hierarchical -filter {NAME =~ "*BSCANID.u_xsdbm_id/CORE_XSDB.UUT_MAS  *                                                                                 [get_cells -hierarchical -filter {NAME =~ "*BSCANID.u_xsdbm_id/CORE_XSDB.UUT_MAS  false           false           
          TER/U_ICON_INTERFACE/U_CMD4/shift_reg_in_reg[*]"}]                                                                                                                  TER/U_ICON_INTERFACE/U_CMD4/ctl_reg_reg[*]"}]                                                                     
204       [get_cells -hierarchical -filter {NAME =~ "*BSCANID.u_xsdbm_id/CORE_XSDB.UUT_MAS  *                                                                                 [get_cells -hierarchical -filter {NAME =~ "*BSCANID.u_xsdbm_id/CORE_XSDB.UUT_MAS  false           false           
          TER/U_ICON_INTERFACE/U_CMD1/shift_reg_in_reg[*]"}]                                                                                                                  TER/U_ICON_INTERFACE/U_CMD1/ctl_reg_reg[*]"}]                                                                     
205       [get_cells -hierarchical -filter {NAME =~ "*BSCANID.u_xsdbm_id/CORE_XSDB.UUT_MAS  *                                                                                 [get_cells -hierarchical -filter {NAME =~ "*BSCANID.u_xsdbm_id/CORE_XSDB.UUT_MAS  false           false           
          TER/U_ICON_INTERFACE/U_CMD5/shift_reg_in_reg[*]"}]                                                                                                                  TER/U_ICON_INTERFACE/U_CMD5/ctl_reg_reg[*]"}]                                                                     
206       [get_cells -hierarchical -filter {NAME =~ "*BSCANID.u_xsdbm_id/CORE_XSDB.UUT_MAS  *                                                                                 [get_cells -hierarchical -filter {NAME =~ "*BSCANID.u_xsdbm_id/CORE_XSDB.UUT_MAS  false           false           
          TER/U_ICON_INTERFACE/U_CMD1/ctl_reg_reg[0]"}]                                                                                                                       TER/U_ICON_INTERFACE/ma_rst_1_reg"}]                                                                              
207       [get_cells -hierarchical -filter {NAME =~ "*BSCANID.u_xsdbm_id/CORE_XSDB.UUT_MAS  *                                                                                 [get_cells -hierarchical -filter {NAME =~ "*BSCANID.u_xsdbm_id/CORE_XSDB.UUT_MAS  false           false           
          TER/U_ICON_INTERFACE/U_CMD2/stat_reg_reg[*]"}]                                                                                                                      TER/U_ICON_INTERFACE/U_CMD2/stat_reg_1_reg[*]"}]                                                                  
208       [get_cells -hierarchical -filter {NAME =~ "*BSCANID.u_xsdbm_id/CORE_XSDB.UUT_MAS  *                                                                                 [get_cells -hierarchical -filter {NAME =~ "*BSCANID.u_xsdbm_id/CORE_XSDB.UUT_MAS  false           false           
          TER/U_ICON_INTERFACE/U_CMD3/stat_reg_reg[*]"}]                                                                                                                      TER/U_ICON_INTERFACE/U_CMD3/stat_reg_1_reg[*]"}]                                                                  
209       [get_cells -hierarchical -filter {NAME =~ "*BSCANID.u_xsdbm_id/CORE_XSDB.UUT_MAS  *                                                                                 [get_cells -hierarchical -filter {NAME =~ "*BSCANID.u_xsdbm_id/CORE_XSDB.UUT_MAS  false           false           
          TER/U_ICON_INTERFACE/U_CMD7_STAT/stat_reg_reg[*]"}]                                                                                                                 TER/U_ICON_INTERFACE/U_CMD7_STAT/stat_reg_1_reg[*]"}]                                                             
210       [get_cells -hierarchical -filter {NAME =~ "*BSCANID.u_xsdbm_id/CORE_XSDB.UUT_MAS  *                                                                                 [get_cells -hierarchical -filter {NAME =~ "*BSCANID.u_xsdbm_id/CORE_XSDB.UUT_MAS  false           false           
          TER/U_ICON_INTERFACE/rddata_rst_reg"}]                                                                                                                              TER/U_ICON_INTERFACE/U_CMD6_RD/U_RD_FIFO/SUBCORE_FIFO.xsdbm_v3_0_0_rdfifo_inst/i                                  
                                                                                                                                                                              nst_fifo_gen/gconvfifo.rf/grf.rf/rstblk/ngwrdrst.grst.g7serrst.rst_rd_reg1_reg"}                                  
                                                                                                                                                                              ]                                                                                                                 
211       [get_cells -hierarchical -filter {NAME =~ "*BSCANID.u_xsdbm_id/CORE_XSDB.UUT_MAS  *                                                                                 [get_cells -hierarchical -filter {NAME =~ "*BSCANID.u_xsdbm_id/CORE_XSDB.UUT_MAS  false           false           
          TER/U_ICON_INTERFACE/rddata_rst_reg"}]                                                                                                                              TER/U_ICON_INTERFACE/U_CMD6_RD/U_RD_FIFO/SUBCORE_FIFO.xsdbm_v3_0_0_rdfifo_inst/i                                  
                                                                                                                                                                              nst_fifo_gen/gconvfifo.rf/grf.rf/rstblk/ngwrdrst.grst.g7serrst.rst_rd_reg2_reg"}                                  
                                                                                                                                                                              ]                                                                                                                 
212       [get_cells -hierarchical -filter {NAME =~ "*BSCANID.u_xsdbm_id/CORE_XSDB.UUT_MAS  *                                                                                 [get_cells -hierarchical -filter {NAME =~ "*BSCANID.u_xsdbm_id/CORE_XSDB.UUT_MAS  false           false           
          TER/U_ICON_INTERFACE/rddata_rst_reg"}]                                                                                                                              TER/U_ICON_INTERFACE/U_CMD6_RD/shift_reg_in_reg[*]"}]                                                             
213       [get_cells -hierarchical -filter {NAME =~ "*BSCANID.u_xsdbm_id/CORE_XSDB.UUT_MAS  *                                                                                 [get_cells -hierarchical -filter {NAME =~ "*BSCANID.u_xsdbm_id/CORE_XSDB.UUT_MAS  false           false           
          TER/U_ICON_INTERFACE/U_CMD1/ctl_reg_reg[0]"}]                                                                                                                       TER/U_ICON_INTERFACE/U_CMD4/shift_reg_in_reg[*]"}]                                                                
214       [get_cells -hierarchical -filter {NAME =~ "*BSCANID.u_xsdbm_id/CORE_XSDB.UUT_MAS  *                                                                                 [get_cells -hierarchical -filter {NAME =~ "*BSCANID.u_xsdbm_id/CORE_XSDB.UUT_MAS  false           false           
          TER/U_ICON_INTERFACE/U_CMD1/ctl_reg_reg[0]"}]                                                                                                                       TER/U_ICON_INTERFACE/U_CMD5/shift_reg_in_reg[*]"}]                                                                
215       [get_cells -hierarchical -filter {NAME =~ "*BSCANID.u_xsdbm_id/CORE_XSDB.UUT_MAS  *                                                                                 [get_cells -hierarchical -filter {NAME =~ "*BSCANID.u_xsdbm_id/CORE_XSDB.UUT_MAS  false           false           
          TER/U_ICON_INTERFACE/U_CMD1/ctl_reg_reg[0]"}]                                                                                                                       TER/U_ICON_INTERFACE/U_CMD7_CTL/shift_reg_in_reg[*]"}]                                                            
46        [get_clocks { clk_pl_0 mmcm_clk_0_s mmcm_fb_clk_s }]                                                                                                                [get_clocks { AXI_ADA4355_adc_clk ada4355_dco ada4355_dco_DIV4_INV }]             clock_group     clock_group     
46        [get_clocks { AXI_ADA4355_adc_clk ada4355_dco ada4355_dco_DIV4_INV }]                                                                                               [get_clocks { clk_pl_0 mmcm_clk_0_s mmcm_fb_clk_s }]                              clock_group     clock_group     

